{"meta": {"format": 3, "version": "7.16.1", "timestamp": "2026-09-20T13:39:11.472379", "branch_coverage": true, "show_contexts": false}, "files": {"src/wechat_cs/adapters/wxauto_adapter.py": {"executed_lines": [1, 2, 3, 4, 5, 6, 8, 9, 10, 20, 21, 23, 32, 33, 34, 35, 36, 37, 38, 40, 41, 42, 43, 44, 46, 47, 48, 49, 58, 59, 60, 61, 62, 63, 64, 66, 67, 68, 73, 74, 76, 77, 78, 79, 80, 81, 82, 83, 84, 85, 86, 87, 88, 90, 91, 92, 93, 94, 95, 97, 98, 99, 100, 101, 103, 104, 105, 106, 107, 108, 109, 110, 116, 117, 118, 119, 120, 121, 122, 123, 125, 126, 128, 129, 130, 131, 132, 140, 143, 144, 145, 146, 152, 153, 154, 156], "summary": {"covered_lines": 96, "num_statements": 105, "percent_covered": 88.81118881118881, "percent_covered_display": "89", "missing_lines": 9, "excluded_lines": 0, "percent_statements_covered": 91.42857142857143, "percent_statements_covered_display": "91", "num_branches": 38, "num_partial_branches": 3, "covered_branches": 31, "missing_branches": 7, "percent_branches_covered": 81.57894736842105, "percent_branches_covered_display": "82"}, "missing_lines": [50, 51, 52, 53, 54, 55, 57, 96, 124], "excluded_lines": [], "executed_branches": [[41, 42], [41, 43], [43, -40], [43, 44], [49, 58], [59, 60], [59, 62], [60, 59], [60, 61], [62, 63], [62, 64], [68, 73], [68, 74], [80, 81], [80, 82], [84, 85], [84, 95], [87, 88], [87, 90], [92, 93], [92, 94], [95, 97], [110, 116], [110, 117], [123, 125], [129, 130], [129, 144], [132, 140], [132, 143], [153, 154], [153, 156]], "missing_branches": [[49, 50], [50, 51], [50, 52], [53, 54], [53, 55], [95, 96], [123, 124]], "functions": {"WxautoAdapter.__init__": {"executed_lines": [32, 33, 34, 35, 36, 37, 38], "summary": {"covered_lines": 7, "num_statements": 7, "percent_covered": 100.0, "percent_covered_display": "100", "missing_lines": 0, "excluded_lines": 0, "percent_statements_covered": 100.0, "percent_statements_covered_display": "100", "num_branches": 0, "num_partial_branches": 0, "covered_branches": 0, "missing_branches": 0, "percent_branches_covered": 100.0, "percent_branches_covered_display": "100"}, "missing_lines": [], "excluded_lines": [], "start_line": 23, "executed_branches": [], "missing_branches": []}, "WxautoAdapter._guard": {"executed_lines": [41, 42, 43, 44], "summary": {"covered_lines": 4, "num_statements": 4, "percent_covered": 100.0, "percent_covered_display": "100", "missing_lines": 0, "excluded_lines": 0, "percent_statements_covered": 100.0, "percent_statements_covered_display": "100", "num_branches": 4, "num_partial_branches": 0, "covered_branches": 4, "missing_branches": 0, "percent_branches_covered": 100.0, "percent_branches_covered_display": "100"}, "missing_lines": [], "excluded_lines": [], "start_line": 40, "executed_branches": [[41, 42], [41, 43], [43, -40], [43, 44]], "missing_branches": []}, "WxautoAdapter.connect": {"executed_lines": [47, 48, 49, 58, 59, 60, 61, 62, 63, 64], "summary": {"covered_lines": 10, "num_statements": 17, "percent_covered": 58.62068965517241, "percent_covered_display": "59", "missing_lines": 7, "excluded_lines": 0, "percent_statements_covered": 58.8235294117647, "percent_statements_covered_display": "59", "num_branches": 12, "num_partial_branches": 1, "covered_branches": 7, "missing_branches": 5, "percent_branches_covered": 58.333333333333336, "percent_branches_covered_display": "58"}, "missing_lines": [50, 51, 52, 53, 54, 55, 57], "excluded_lines": [], "start_line": 46, "executed_branches": [[49, 58], [59, 60], [59, 62], [60, 59], [60, 61], [62, 63], [62, 64]], "missing_branches": [[49, 50], [50, 51], [50, 52], [53, 54], [53, 55]]}, "WxautoAdapter._info": {"executed_lines": [67, 68, 73, 74], "summary": {"covered_lines": 4, "num_statements": 4, "percent_covered": 100.0, "percent_covered_display": "100", "missing_lines": 0, "excluded_lines": 0, "percent_statements_covered": 100.0, "percent_statements_covered_display": "100", "num_branches": 2, "num_partial_branches": 0, "covered_branches": 2, "missing_branches": 0, "percent_branches_covered": 100.0, "percent_branches_covered_display": "100"}, "missing_lines": [], "excluded_lines": [], "start_line": 66, "executed_branches": [[68, 73], [68, 74]], "missing_branches": []}, "WxautoAdapter.snapshot": {"executed_lines": [77, 78, 79, 80, 81, 82, 83, 84, 85, 86, 87, 88, 90, 91, 92, 93, 94, 95, 97, 98, 99, 100, 101], "summary": {"covered_lines": 23, "num_statements": 24, "percent_covered": 94.11764705882354, "percent_covered_display": "94", "missing_lines": 1, "excluded_lines": 0, "percent_statements_covered": 95.83333333333333, "percent_statements_covered_display": "96", "num_branches": 10, "num_partial_branches": 1, "covered_branches": 9, "missing_branches": 1, "percent_branches_covered": 90.0, "percent_branches_covered_display": "90"}, "missing_lines": [96], "excluded_lines": [], "start_line": 76, "executed_branches": [[80, 81], [80, 82], [84, 85], [84, 95], [87, 88], [87, 90], [92, 93], [92, 94], [95, 97]], "missing_branches": [[95, 96]]}, "WxautoAdapter.send_text": {"executed_lines": [104, 105, 106, 107, 108, 109, 110, 116, 117, 118, 119, 120, 121, 122, 123, 125, 126, 128, 129, 130, 131, 132, 140, 143, 144, 145, 146], "summary": {"covered_lines": 27, "num_statements": 28, "percent_covered": 94.44444444444444, "percent_covered_display": "94", "missing_lines": 1, "excluded_lines": 0, "percent_statements_covered": 96.42857142857143, "percent_statements_covered_display": "96", "num_branches": 8, "num_partial_branches": 1, "covered_branches": 7, "missing_branches": 1, "percent_branches_covered": 87.5, "percent_branches_covered_display": "88"}, "missing_lines": [124], "excluded_lines": [], "start_line": 103, "executed_branches": [[110, 116], [110, 117], [123, 125], [129, 130], [129, 144], [132, 140], [132, 143]], "missing_branches": [[123, 124]]}, "WxautoAdapter.close": {"executed_lines": [153, 154, 156], "summary": {"covered_lines": 3, "num_statements": 3, "percent_covered": 100.0, "percent_covered_display": "100", "missing_lines": 0, "excluded_lines": 0, "percent_statements_covered": 100.0, "percent_statements_covered_display": "100", "num_branches": 2, "num_partial_branches": 0, "covered_branches": 2, "missing_branches": 0, "percent_branches_covered": 100.0, "percent_branches_covered_display": "100"}, "missing_lines": [], "excluded_lines": [], "start_line": 152, "executed_branches": [[153, 154], [153, 156]], "missing_branches": []}, "": {"executed_lines": [1, 2, 3, 4, 5, 6, 8, 9, 10, 20, 21, 23, 40, 46, 66, 76, 103, 152], "summary": {"covered_lines": 18, "num_statements": 18, "percent_covered": 100.0, "percent_covered_display": "100", "missing_lines": 0, "excluded_lines": 0, "percent_statements_covered": 100.0, "percent_statements_covered_display": "100", "num_branches": 0, "num_partial_branches": 0, "covered_branches": 0, "missing_branches": 0, "percent_branches_covered": 100.0, "percent_branches_covered_display": "100"}, "missing_lines": [], "excluded_lines": [], "start_line": 1, "executed_branches": [], "missing_branches": []}}, "classes": {"WxautoAdapter": {"executed_lines": [32, 33, 34, 35, 36, 37, 38, 41, 42, 43, 44, 47, 48, 49, 58, 59, 60, 61, 62, 63, 64, 67, 68, 73, 74, 77, 78, 79, 80, 81, 82, 83, 84, 85, 86, 87, 88, 90, 91, 92, 93, 94, 95, 97, 98, 99, 100, 101, 104, 105, 106, 107, 108, 109, 110, 116, 117, 118, 119, 120, 121, 122, 123, 125, 126, 128, 129, 130, 131, 132, 140, 143, 144, 145, 146, 153, 154, 156], "summary": {"covered_lines": 78, "num_statements": 87, "percent_covered": 87.2, "percent_covered_display": "87", "missing_lines": 9, "excluded_lines": 0, "percent_statements_covered": 89.65517241379311, "percent_statements_covered_display": "90", "num_branches": 38, "num_partial_branches": 3, "covered_branches": 31, "missing_branches": 7, "percent_branches_covered": 81.57894736842105, "percent_branches_covered_display": "82"}, "missing_lines": [50, 51, 52, 53, 54, 55, 57, 96, 124], "excluded_lines": [], "start_line": 20, "executed_branches": [[41, 42], [41, 43], [43, -40], [43, 44], [49, 58], [59, 60], [59, 62], [60, 59], [60, 61], [62, 63], [62, 64], [68, 73], [68, 74], [80, 81], [80, 82], [84, 85], [84, 95], [87, 88], [87, 90], [92, 93], [92, 94], [95, 97], [110, 116], [110, 117], [123, 125], [129, 130], [129, 144], [132, 140], [132, 143], [153, 154], [153, 156]], "missing_branches": [[49, 50], [50, 51], [50, 52], [53, 54], [53, 55], [95, 96], [123, 124]]}, "": {"executed_lines": [1, 2, 3, 4, 5, 6, 8, 9, 10, 20, 21, 23, 40, 46, 66, 76, 103, 152], "summary": {"covered_lines": 18, "num_statements": 18, "percent_covered": 100.0, "percent_covered_display": "100", "missing_lines": 0, "excluded_lines": 0, "percent_statements_covered": 100.0, "percent_statements_covered_display": "100", "num_branches": 0, "num_partial_branches": 0, "covered_branches": 0, "missing_branches": 0, "percent_branches_covered": 100.0, "percent_branches_covered_display": "100"}, "missing_lines": [], "excluded_lines": [], "start_line": 1, "executed_branches": [], "missing_branches": []}}}}, "totals": {"covered_lines": 96, "num_statements": 105, "percent_covered": 88.81118881118881, "percent_covered_display": "89", "missing_lines": 9, "excluded_lines": 0, "percent_statements_covered": 91.42857142857143, "percent_statements_covered_display": "91", "num_branches": 38, "num_partial_branches": 3, "covered_branches": 31, "missing_branches": 7, "percent_branches_covered": 81.57894736842105, "percent_branches_covered_display": "82"}}