{"meta": {"format": 3, "version": "7.16.1", "timestamp": "2026-09-21T14:34:36.821676", "branch_coverage": true, "show_contexts": false}, "files": {"src/wechat_cs/__init__.py": {"executed_lines": [3], "summary": {"covered_lines": 1, "num_statements": 1, "percent_covered": 100.0, "percent_covered_display": "100", "missing_lines": 0, "excluded_lines": 0, "percent_statements_covered": 100.0, "percent_statements_covered_display": "100", "num_branches": 0, "num_partial_branches": 0, "covered_branches": 0, "missing_branches": 0, "percent_branches_covered": 100.0, "percent_branches_covered_display": "100"}, "missing_lines": [], "excluded_lines": [], "executed_branches": [], "missing_branches": [], "functions": {"": {"executed_lines": [3], "summary": {"covered_lines": 1, "num_statements": 1, "percent_covered": 100.0, "percent_covered_display": "100", "missing_lines": 0, "excluded_lines": 0, "percent_statements_covered": 100.0, "percent_statements_covered_display": "100", "num_branches": 0, "num_partial_branches": 0, "covered_branches": 0, "missing_branches": 0, "percent_branches_covered": 100.0, "percent_branches_covered_display": "100"}, "missing_lines": [], "excluded_lines": [], "start_line": 1, "executed_branches": [], "missing_branches": []}}, "classes": {"": {"executed_lines": [3], "summary": {"covered_lines": 1, "num_statements": 1, "percent_covered": 100.0, "percent_covered_display": "100", "missing_lines": 0, "excluded_lines": 0, "percent_statements_covered": 100.0, "percent_statements_covered_display": "100", "num_branches": 0, "num_partial_branches": 0, "covered_branches": 0, "missing_branches": 0, "percent_branches_covered": 100.0, "percent_branches_covered_display": "100"}, "missing_lines": [], "excluded_lines": [], "start_line": 1, "executed_branches": [], "missing_branches": []}}}, "src/wechat_cs/__main__.py": {"executed_lines": [1, 3], "summary": {"covered_lines": 2, "num_statements": 2, "percent_covered": 100.0, "percent_covered_display": "100", "missing_lines": 0, "excluded_lines": 0, "percent_statements_covered": 100.0, "percent_statements_covered_display": "100", "num_branches": 0, "num_partial_branches": 0, "covered_branches": 0, "missing_branches": 0, "percent_branches_covered": 100.0, "percent_branches_covered_display": "100"}, "missing_lines": [], "excluded_lines": [], "executed_branches": [], "missing_branches": [], "functions": {"": {"executed_lines": [1, 3], "summary": {"covered_lines": 2, "num_statements": 2, "percent_covered": 100.0, "percent_covered_display": "100", "missing_lines": 0, "excluded_lines": 0, "percent_statements_covered": 100.0, "percent_statements_covered_display": "100", "num_branches": 0, "num_partial_branches": 0, "covered_branches": 0, "missing_branches": 0, "percent_branches_covered": 100.0, "percent_branches_covered_display": "100"}, "missing_lines": [], "excluded_lines": [], "start_line": 1, "executed_branches": [], "missing_branches": []}}, "classes": {"": {"executed_lines": [1, 3], "summary": {"covered_lines": 2, "num_statements": 2, "percent_covered": 100.0, "percent_covered_display": "100", "missing_lines": 0, "excluded_lines": 0, "percent_statements_covered": 100.0, "percent_statements_covered_display": "100", "num_branches": 0, "num_partial_branches": 0, "covered_branches": 0, "missing_branches": 0, "percent_branches_covered": 100.0, "percent_branches_covered_display": "100"}, "missing_lines": [], "excluded_lines": [], "start_line": 1, "executed_branches": [], "missing_branches": []}}}, "src/wechat_cs/adapters/__init__.py": {"executed_lines": [], "summary": {"covered_lines": 0, "num_statements": 0, "percent_covered": 100.0, "percent_covered_display": "100", "missing_lines": 0, "excluded_lines": 0, "percent_statements_covered": 100.0, "percent_statements_covered_display": "100", "num_branches": 0, "num_partial_branches": 0, "covered_branches": 0, "missing_branches": 0, "percent_branches_covered": 100.0, "percent_branches_covered_display": "100"}, "missing_lines": [], "excluded_lines": [], "executed_branches": [], "missing_branches": [], "functions": {"": {"executed_lines": [], "summary": {"covered_lines": 0, "num_statements": 0, "percent_covered": 100.0, "percent_covered_display": "100", "missing_lines": 0, "excluded_lines": 0, "percent_statements_covered": 100.0, "percent_statements_covered_display": "100", "num_branches": 0, "num_partial_branches": 0, "covered_branches": 0, "missing_branches": 0, "percent_branches_covered": 100.0, "percent_branches_covered_display": "100"}, "missing_lines": [], "excluded_lines": [], "start_line": 1, "executed_branches": [], "missing_branches": []}}, "classes": {"": {"executed_lines": [], "summary": {"covered_lines": 0, "num_statements": 0, "percent_covered": 100.0, "percent_covered_display": "100", "missing_lines": 0, "excluded_lines": 0, "percent_statements_covered": 100.0, "percent_statements_covered_display": "100", "num_branches": 0, "num_partial_branches": 0, "covered_branches": 0, "missing_branches": 0, "percent_branches_covered": 100.0, "percent_branches_covered_display": "100"}, "missing_lines": [], "excluded_lines": [], "start_line": 1, "executed_branches": [], "missing_branches": []}}}, "src/wechat_cs/adapters/fake.py": {"executed_lines": [1, 2, 3, 5, 15, 16, 18, 28, 29, 30, 31, 32, 33, 34, 35, 36, 37, 39, 40, 43, 44, 45, 47, 48, 49, 50, 51, 52, 53, 54, 56, 57, 58, 59, 60, 66, 67, 68, 69, 70, 71, 72, 81, 83, 84, 85], "summary": {"covered_lines": 46, "num_statements": 47, "percent_covered": 96.61016949152543, "percent_covered_display": "97", "missing_lines": 1, "excluded_lines": 0, "percent_statements_covered": 97.87234042553192, "percent_statements_covered_display": "98", "num_branches": 12, "num_partial_branches": 1, "covered_branches": 11, "missing_branches": 1, "percent_branches_covered": 91.66666666666667, "percent_branches_covered_display": "92"}, "missing_lines": [41], "excluded_lines": [], "executed_branches": [[40, -39], [51, 52], [51, 53], [58, 59], [58, 60], [60, 66], [60, 67], [68, 69], [68, 70], [70, 71], [70, 72]], "missing_branches": [[40, 41]], "functions": {"FakeWechatAdapter.__init__": {"executed_lines": [28, 29, 30, 31, 32, 33, 34, 35, 36, 37], "summary": {"covered_lines": 10, "num_statements": 10, "percent_covered": 100.0, "percent_covered_display": "100", "missing_lines": 0, "excluded_lines": 0, "percent_statements_covered": 100.0, "percent_statements_covered_display": "100", "num_branches": 0, "num_partial_branches": 0, "covered_branches": 0, "missing_branches": 0, "percent_branches_covered": 100.0, "percent_branches_covered_display": "100"}, "missing_lines": [], "excluded_lines": [], "start_line": 18, "executed_branches": [], "missing_branches": []}, "FakeWechatAdapter._owner": {"executed_lines": [40], "summary": {"covered_lines": 1, "num_statements": 2, "percent_covered": 50.0, "percent_covered_display": "50", "missing_lines": 1, "excluded_lines": 0, "percent_statements_covered": 50.0, "percent_statements_covered_display": "50", "num_branches": 2, "num_partial_branches": 1, "covered_branches": 1, "missing_branches": 1, "percent_branches_covered": 50.0, "percent_branches_covered_display": "50"}, "missing_lines": [41], "excluded_lines": [], "start_line": 39, "executed_branches": [[40, -39]], "missing_branches": [[40, 41]]}, "FakeWechatAdapter.connect": {"executed_lines": [44, 45], "summary": {"covered_lines": 2, "num_statements": 2, "percent_covered": 100.0, "percent_covered_display": "100", "missing_lines": 0, "excluded_lines": 0, "percent_statements_covered": 100.0, "percent_statements_covered_display": "100", "num_branches": 0, "num_partial_branches": 0, "covered_branches": 0, "missing_branches": 0, "percent_branches_covered": 100.0, "percent_branches_covered_display": "100"}, "missing_lines": [], "excluded_lines": [], "start_line": 43, "executed_branches": [], "missing_branches": []}, "FakeWechatAdapter.snapshot": {"executed_lines": [48, 49, 50, 51, 52, 53, 54], "summary": {"covered_lines": 7, "num_statements": 7, "percent_covered": 100.0, "percent_covered_display": "100", "missing_lines": 0, "excluded_lines": 0, "percent_statements_covered": 100.0, "percent_statements_covered_display": "100", "num_branches": 2, "num_partial_branches": 0, "covered_branches": 2, "missing_branches": 0, "percent_branches_covered": 100.0, "percent_branches_covered_display": "100"}, "missing_lines": [], "excluded_lines": [], "start_line": 47, "executed_branches": [[51, 52], [51, 53]], "missing_branches": []}, "FakeWechatAdapter.send_text": {"executed_lines": [57, 58, 59, 60, 66, 67, 68, 69, 70, 71, 72, 81], "summary": {"covered_lines": 12, "num_statements": 12, "percent_covered": 100.0, "percent_covered_display": "100", "missing_lines": 0, "excluded_lines": 0, "percent_statements_covered": 100.0, "percent_statements_covered_display": "100", "num_branches": 8, "num_partial_branches": 0, "covered_branches": 8, "missing_branches": 0, "percent_branches_covered": 100.0, "percent_branches_covered_display": "100"}, "missing_lines": [], "excluded_lines": [], "start_line": 56, "executed_branches": [[58, 59], [58, 60], [60, 66], [60, 67], [68, 69], [68, 70], [70, 71], [70, 72]], "missing_branches": []}, "FakeWechatAdapter.close": {"executed_lines": [84, 85], "summary": {"covered_lines": 2, "num_statements": 2, "percent_covered": 100.0, "percent_covered_display": "100", "missing_lines": 0, "excluded_lines": 0, "percent_statements_covered": 100.0, "percent_statements_covered_display": "100", "num_branches": 0, "num_partial_branches": 0, "covered_branches": 0, "missing_branches": 0, "percent_branches_covered": 100.0, "percent_branches_covered_display": "100"}, "missing_lines": [], "excluded_lines": [], "start_line": 83, "executed_branches": [], "missing_branches": []}, "": {"executed_lines": [1, 2, 3, 5, 15, 16, 18, 39, 43, 47, 56, 83], "summary": {"covered_lines": 12, "num_statements": 12, "percent_covered": 100.0, "percent_covered_display": "100", "missing_lines": 0, "excluded_lines": 0, "percent_statements_covered": 100.0, "percent_statements_covered_display": "100", "num_branches": 0, "num_partial_branches": 0, "covered_branches": 0, "missing_branches": 0, "percent_branches_covered": 100.0, "percent_branches_covered_display": "100"}, "missing_lines": [], "excluded_lines": [], "start_line": 1, "executed_branches": [], "missing_branches": []}}, "classes": {"FakeWechatAdapter": {"executed_lines": [28, 29, 30, 31, 32, 33, 34, 35, 36, 37, 40, 44, 45, 48, 49, 50, 51, 52, 53, 54, 57, 58, 59, 60, 66, 67, 68, 69, 70, 71, 72, 81, 84, 85], "summary": {"covered_lines": 34, "num_statements": 35, "percent_covered": 95.74468085106383, "percent_covered_display": "96", "missing_lines": 1, "excluded_lines": 0, "percent_statements_covered": 97.14285714285714, "percent_statements_covered_display": "97", "num_branches": 12, "num_partial_branches": 1, "covered_branches": 11, "missing_branches": 1, "percent_branches_covered": 91.66666666666667, "percent_branches_covered_display": "92"}, "missing_lines": [41], "excluded_lines": [], "start_line": 15, "executed_branches": [[40, -39], [51, 52], [51, 53], [58, 59], [58, 60], [60, 66], [60, 67], [68, 69], [68, 70], [70, 71], [70, 72]], "missing_branches": [[40, 41]]}, "": {"executed_lines": [1, 2, 3, 5, 15, 16, 18, 39, 43, 47, 56, 83], "summary": {"covered_lines": 12, "num_statements": 12, "percent_covered": 100.0, "percent_covered_display": "100", "missing_lines": 0, "excluded_lines": 0, "percent_statements_covered": 100.0, "percent_statements_covered_display": "100", "num_branches": 0, "num_partial_branches": 0, "covered_branches": 0, "missing_branches": 0, "percent_branches_covered": 100.0, "percent_branches_covered_display": "100"}, "missing_lines": [], "excluded_lines": [], "start_line": 1, "executed_branches": [], "missing_branches": []}}}, "src/wechat_cs/adapters/wxauto_adapter.py": {"executed_lines": [1, 2, 3, 4, 5, 6, 8, 9, 10, 20, 21, 23, 32, 33, 34, 35, 36, 37, 38, 40, 41, 42, 43, 44, 46, 47, 48, 49, 58, 59, 60, 61, 62, 63, 64, 66, 67, 68, 73, 74, 76, 77, 78, 79, 80, 81, 82, 83, 84, 85, 86, 87, 88, 90, 91, 92, 93, 94, 95, 97, 98, 99, 100, 101, 103, 104, 105, 106, 107, 108, 109, 110, 116, 117, 118, 119, 120, 121, 122, 123, 125, 126, 128, 129, 130, 131, 132, 140, 143, 144, 145, 146, 152, 153, 154, 156], "summary": {"covered_lines": 96, "num_statements": 105, "percent_covered": 88.81118881118881, "percent_covered_display": "89", "missing_lines": 9, "excluded_lines": 0, "percent_statements_covered": 91.42857142857143, "percent_statements_covered_display": "91", "num_branches": 38, "num_partial_branches": 3, "covered_branches": 31, "missing_branches": 7, "percent_branches_covered": 81.57894736842105, "percent_branches_covered_display": "82"}, "missing_lines": [50, 51, 52, 53, 54, 55, 57, 96, 124], "excluded_lines": [], "executed_branches": [[41, 42], [41, 43], [43, -40], [43, 44], [49, 58], [59, 60], [59, 62], [60, 59], [60, 61], [62, 63], [62, 64], [68, 73], [68, 74], [80, 81], [80, 82], [84, 85], [84, 95], [87, 88], [87, 90], [92, 93], [92, 94], [95, 97], [110, 116], [110, 117], [123, 125], [129, 130], [129, 144], [132, 140], [132, 143], [153, 154], [153, 156]], "missing_branches": [[49, 50], [50, 51], [50, 52], [53, 54], [53, 55], [95, 96], [123, 124]], "functions": {"WxautoAdapter.__init__": {"executed_lines": [32, 33, 34, 35, 36, 37, 38], "summary": {"covered_lines": 7, "num_statements": 7, "percent_covered": 100.0, "percent_covered_display": "100", "missing_lines": 0, "excluded_lines": 0, "percent_statements_covered": 100.0, "percent_statements_covered_display": "100", "num_branches": 0, "num_partial_branches": 0, "covered_branches": 0, "missing_branches": 0, "percent_branches_covered": 100.0, "percent_branches_covered_display": "100"}, "missing_lines": [], "excluded_lines": [], "start_line": 23, "executed_branches": [], "missing_branches": []}, "WxautoAdapter._guard": {"executed_lines": [41, 42, 43, 44], "summary": {"covered_lines": 4, "num_statements": 4, "percent_covered": 100.0, "percent_covered_display": "100", "missing_lines": 0, "excluded_lines": 0, "percent_statements_covered": 100.0, "percent_statements_covered_display": "100", "num_branches": 4, "num_partial_branches": 0, "covered_branches": 4, "missing_branches": 0, "percent_branches_covered": 100.0, "percent_branches_covered_display": "100"}, "missing_lines": [], "excluded_lines": [], "start_line": 40, "executed_branches": [[41, 42], [41, 43], [43, -40], [43, 44]], "missing_branches": []}, "WxautoAdapter.connect": {"executed_lines": [47, 48, 49, 58, 59, 60, 61, 62, 63, 64], "summary": {"covered_lines": 10, "num_statements": 17, "percent_covered": 58.62068965517241, "percent_covered_display": "59", "missing_lines": 7, "excluded_lines": 0, "percent_statements_covered": 58.8235294117647, "percent_statements_covered_display": "59", "num_branches": 12, "num_partial_branches": 1, "covered_branches": 7, "missing_branches": 5, "percent_branches_covered": 58.333333333333336, "percent_branches_covered_display": "58"}, "missing_lines": [50, 51, 52, 53, 54, 55, 57], "excluded_lines": [], "start_line": 46, "executed_branches": [[49, 58], [59, 60], [59, 62], [60, 59], [60, 61], [62, 63], [62, 64]], "missing_branches": [[49, 50], [50, 51], [50, 52], [53, 54], [53, 55]]}, "WxautoAdapter._info": {"executed_lines": [67, 68, 73, 74], "summary": {"covered_lines": 4, "num_statements": 4, "percent_covered": 100.0, "percent_covered_display": "100", "missing_lines": 0, "excluded_lines": 0, "percent_statements_covered": 100.0, "percent_statements_covered_display": "100", "num_branches": 2, "num_partial_branches": 0, "covered_branches": 2, "missing_branches": 0, "percent_branches_covered": 100.0, "percent_branches_covered_display": "100"}, "missing_lines": [], "excluded_lines": [], "start_line": 66, "executed_branches": [[68, 73], [68, 74]], "missing_branches": []}, "WxautoAdapter.snapshot": {"executed_lines": [77, 78, 79, 80, 81, 82, 83, 84, 85, 86, 87, 88, 90, 91, 92, 93, 94, 95, 97, 98, 99, 100, 101], "summary": {"covered_lines": 23, "num_statements": 24, "percent_covered": 94.11764705882354, "percent_covered_display": "94", "missing_lines": 1, "excluded_lines": 0, "percent_statements_covered": 95.83333333333333, "percent_statements_covered_display": "96", "num_branches": 10, "num_partial_branches": 1, "covered_branches": 9, "missing_branches": 1, "percent_branches_covered": 90.0, "percent_branches_covered_display": "90"}, "missing_lines": [96], "excluded_lines": [], "start_line": 76, "executed_branches": [[80, 81], [80, 82], [84, 85], [84, 95], [87, 88], [87, 90], [92, 93], [92, 94], [95, 97]], "missing_branches": [[95, 96]]}, "WxautoAdapter.send_text": {"executed_lines": [104, 105, 106, 107, 108, 109, 110, 116, 117, 118, 119, 120, 121, 122, 123, 125, 126, 128, 129, 130, 131, 132, 140, 143, 144, 145, 146], "summary": {"covered_lines": 27, "num_statements": 28, "percent_covered": 94.44444444444444, "percent_covered_display": "94", "missing_lines": 1, "excluded_lines": 0, "percent_statements_covered": 96.42857142857143, "percent_statements_covered_display": "96", "num_branches": 8, "num_partial_branches": 1, "covered_branches": 7, "missing_branches": 1, "percent_branches_covered": 87.5, "percent_branches_covered_display": "88"}, "missing_lines": [124], "excluded_lines": [], "start_line": 103, "executed_branches": [[110, 116], [110, 117], [123, 125], [129, 130], [129, 144], [132, 140], [132, 143]], "missing_branches": [[123, 124]]}, "WxautoAdapter.close": {"executed_lines": [153, 154, 156], "summary": {"covered_lines": 3, "num_statements": 3, "percent_covered": 100.0, "percent_covered_display": "100", "missing_lines": 0, "excluded_lines": 0, "percent_statements_covered": 100.0, "percent_statements_covered_display": "100", "num_branches": 2, "num_partial_branches": 0, "covered_branches": 2, "missing_branches": 0, "percent_branches_covered": 100.0, "percent_branches_covered_display": "100"}, "missing_lines": [], "excluded_lines": [], "start_line": 152, "executed_branches": [[153, 154], [153, 156]], "missing_branches": []}, "": {"executed_lines": [1, 2, 3, 4, 5, 6, 8, 9, 10, 20, 21, 23, 40, 46, 66, 76, 103, 152], "summary": {"covered_lines": 18, "num_statements": 18, "percent_covered": 100.0, "percent_covered_display": "100", "missing_lines": 0, "excluded_lines": 0, "percent_statements_covered": 100.0, "percent_statements_covered_display": "100", "num_branches": 0, "num_partial_branches": 0, "covered_branches": 0, "missing_branches": 0, "percent_branches_covered": 100.0, "percent_branches_covered_display": "100"}, "missing_lines": [], "excluded_lines": [], "start_line": 1, "executed_branches": [], "missing_branches": []}}, "classes": {"WxautoAdapter": {"executed_lines": [32, 33, 34, 35, 36, 37, 38, 41, 42, 43, 44, 47, 48, 49, 58, 59, 60, 61, 62, 63, 64, 67, 68, 73, 74, 77, 78, 79, 80, 81, 82, 83, 84, 85, 86, 87, 88, 90, 91, 92, 93, 94, 95, 97, 98, 99, 100, 101, 104, 105, 106, 107, 108, 109, 110, 116, 117, 118, 119, 120, 121, 122, 123, 125, 126, 128, 129, 130, 131, 132, 140, 143, 144, 145, 146, 153, 154, 156], "summary": {"covered_lines": 78, "num_statements": 87, "percent_covered": 87.2, "percent_covered_display": "87", "missing_lines": 9, "excluded_lines": 0, "percent_statements_covered": 89.65517241379311, "percent_statements_covered_display": "90", "num_branches": 38, "num_partial_branches": 3, "covered_branches": 31, "missing_branches": 7, "percent_branches_covered": 81.57894736842105, "percent_branches_covered_display": "82"}, "missing_lines": [50, 51, 52, 53, 54, 55, 57, 96, 124], "excluded_lines": [], "start_line": 20, "executed_branches": [[41, 42], [41, 43], [43, -40], [43, 44], [49, 58], [59, 60], [59, 62], [60, 59], [60, 61], [62, 63], [62, 64], [68, 73], [68, 74], [80, 81], [80, 82], [84, 85], [84, 95], [87, 88], [87, 90], [92, 93], [92, 94], [95, 97], [110, 116], [110, 117], [123, 125], [129, 130], [129, 144], [132, 140], [132, 143], [153, 154], [153, 156]], "missing_branches": [[49, 50], [50, 51], [50, 52], [53, 54], [53, 55], [95, 96], [123, 124]]}, "": {"executed_lines": [1, 2, 3, 4, 5, 6, 8, 9, 10, 20, 21, 23, 40, 46, 66, 76, 103, 152], "summary": {"covered_lines": 18, "num_statements": 18, "percent_covered": 100.0, "percent_covered_display": "100", "missing_lines": 0, "excluded_lines": 0, "percent_statements_covered": 100.0, "percent_statements_covered_display": "100", "num_branches": 0, "num_partial_branches": 0, "covered_branches": 0, "missing_branches": 0, "percent_branches_covered": 100.0, "percent_branches_covered_display": "100"}, "missing_lines": [], "excluded_lines": [], "start_line": 1, "executed_branches": [], "missing_branches": []}}}, "src/wechat_cs/cli.py": {"executed_lines": [1, 2, 3, 4, 5, 6, 7, 8, 9, 11, 12, 13, 14, 15, 16, 17, 18, 21, 22, 23, 24, 25, 26, 29, 30, 31, 32, 33, 36, 37, 38, 39, 40, 41, 42, 43, 44, 46, 47, 48, 49, 50, 51, 52, 53, 54, 57, 58, 59, 60, 61, 62, 63, 64, 65, 66, 67, 68, 69, 70, 71, 73, 74, 77, 78, 79, 85, 86, 96, 97, 98, 99, 100, 101, 104, 105, 107, 108, 111, 112, 113, 114, 115, 116, 117, 118, 119, 120, 122, 123, 126, 127, 129, 130, 131, 132, 134, 147, 148, 151, 152, 155, 158, 160, 161, 162, 163, 164, 165, 166, 167, 171, 172, 173, 175, 176, 177, 178, 180, 182, 183, 185, 186, 189, 190, 191, 192, 193, 194, 195, 196, 203, 204, 205, 206, 207, 208, 209, 210, 211, 212, 213, 214, 216, 234, 237, 238, 239, 240, 241, 242, 247, 249, 250, 251, 253, 254, 255, 257, 258, 259, 261, 262, 263, 266, 268, 287, 288, 296, 299], "summary": {"covered_lines": 170, "num_statements": 184, "percent_covered": 90.0, "percent_covered_display": "90", "missing_lines": 14, "excluded_lines": 0, "percent_statements_covered": 92.3913043478261, "percent_statements_covered_display": "92", "num_branches": 66, "num_partial_branches": 9, "covered_branches": 55, "missing_branches": 11, "percent_branches_covered": 83.33333333333333, "percent_branches_covered_display": "83"}, "missing_lines": [80, 82, 121, 133, 168, 169, 170, 174, 179, 181, 248, 264, 265, 300], "excluded_lines": [], "executed_branches": [[23, 24], [23, 26], [31, 32], [31, 33], [39, 40], [39, 57], [43, 44], [43, 46], [60, 61], [60, 65], [63, 60], [63, 64], [66, 67], [66, 71], [68, 69], [68, 70], [78, 79], [120, 122], [122, 123], [122, 130], [126, 127], [126, 129], [132, 134], [155, 158], [155, 160], [167, 171], [173, 175], [176, 177], [176, 183], [178, 180], [180, 182], [190, 191], [190, 192], [194, 195], [194, 203], [203, 204], [203, 205], [205, 206], [205, 208], [208, 209], [208, 210], [210, 211], [210, 213], [213, 214], [213, 216], [240, 241], [240, 254], [247, 249], [250, 251], [250, 253], [254, 255], [254, 258], [258, 259], [258, 261], [299, -1]], "missing_branches": [[78, 80], [120, 121], [132, 133], [167, 168], [168, 169], [168, 170], [173, 174], [178, 179], [180, 181], [247, 248], [299, 300]], "functions": {"emit": {"executed_lines": [22, 23, 24, 25, 26], "summary": {"covered_lines": 5, "num_statements": 5, "percent_covered": 100.0, "percent_covered_display": "100", "missing_lines": 0, "excluded_lines": 0, "percent_statements_covered": 100.0, "percent_statements_covered_display": "100", "num_branches": 2, "num_partial_branches": 0, "covered_branches": 2, "missing_branches": 0, "percent_branches_covered": 100.0, "percent_branches_covered_display": "100"}, "missing_lines": [], "excluded_lines": [], "start_line": 21, "executed_branches": [[23, 24], [23, 26]], "missing_branches": []}, "positive": {"executed_lines": [30, 31, 32, 33], "summary": {"covered_lines": 4, "num_statements": 4, "percent_covered": 100.0, "percent_covered_display": "100", "missing_lines": 0, "excluded_lines": 0, "percent_statements_covered": 100.0, "percent_statements_covered_display": "100", "num_branches": 2, "num_partial_branches": 0, "covered_branches": 2, "missing_branches": 0, "percent_branches_covered": 100.0, "percent_branches_covered_display": "100"}, "missing_lines": [], "excluded_lines": [], "start_line": 29, "executed_branches": [[31, 32], [31, 33]], "missing_branches": []}, "parser": {"executed_lines": [37, 38, 39, 40, 41, 42, 43, 44, 46, 47, 48, 49, 50, 51, 52, 53, 54, 57, 58, 59, 60, 61, 62, 63, 64, 65, 66, 67, 68, 69, 70, 71, 73, 74], "summary": {"covered_lines": 34, "num_statements": 34, "percent_covered": 100.0, "percent_covered_display": "100", "missing_lines": 0, "excluded_lines": 0, "percent_statements_covered": 100.0, "percent_statements_covered_display": "100", "num_branches": 12, "num_partial_branches": 0, "covered_branches": 12, "missing_branches": 0, "percent_branches_covered": 100.0, "percent_branches_covered_display": "100"}, "missing_lines": [], "excluded_lines": [], "start_line": 36, "executed_branches": [[39, 40], [39, 57], [43, 44], [43, 46], [60, 61], [60, 65], [63, 60], [63, 64], [66, 67], [66, 71], [68, 69], [68, 70]], "missing_branches": []}, "adapter_for": {"executed_lines": [78, 79], "summary": {"covered_lines": 2, "num_statements": 4, "percent_covered": 50.0, "percent_covered_display": "50", "missing_lines": 2, "excluded_lines": 0, "percent_statements_covered": 50.0, "percent_statements_covered_display": "50", "num_branches": 2, "num_partial_branches": 1, "covered_branches": 1, "missing_branches": 1, "percent_branches_covered": 50.0, "percent_branches_covered_display": "50"}, "missing_lines": [80, 82], "excluded_lines": [], "start_line": 77, "executed_branches": [[78, 79]], "missing_branches": [[78, 80]]}, "diagnostic": {"executed_lines": [86, 96, 97, 98, 99, 100, 101, 104, 105, 107, 108], "summary": {"covered_lines": 11, "num_statements": 11, "percent_covered": 100.0, "percent_covered_display": "100", "missing_lines": 0, "excluded_lines": 0, "percent_statements_covered": 100.0, "percent_statements_covered_display": "100", "num_branches": 0, "num_partial_branches": 0, "covered_branches": 0, "missing_branches": 0, "percent_branches_covered": 100.0, "percent_branches_covered_display": "100"}, "missing_lines": [], "excluded_lines": [], "start_line": 85, "executed_branches": [], "missing_branches": []}, "demo": {"executed_lines": [112, 113, 114, 115, 116, 117, 118, 119, 120, 122, 123, 126, 127, 129, 130, 131, 132, 134, 147, 148], "summary": {"covered_lines": 20, "num_statements": 22, "percent_covered": 86.66666666666667, "percent_covered_display": "87", "missing_lines": 2, "excluded_lines": 0, "percent_statements_covered": 90.9090909090909, "percent_statements_covered_display": "91", "num_branches": 8, "num_partial_branches": 2, "covered_branches": 6, "missing_branches": 2, "percent_branches_covered": 75.0, "percent_branches_covered_display": "75"}, "missing_lines": [121, 133], "excluded_lines": [], "start_line": 111, "executed_branches": [[120, 122], [122, 123], [122, 130], [126, 127], [126, 129], [132, 134]], "missing_branches": [[120, 121], [132, 133]]}, "run": {"executed_lines": [152, 155, 158, 160, 161, 162, 163, 164, 165, 166, 167, 171, 172, 173, 175, 176, 177, 178, 180, 182, 183, 185, 186], "summary": {"covered_lines": 23, "num_statements": 29, "percent_covered": 72.09302325581395, "percent_covered_display": "72", "missing_lines": 6, "excluded_lines": 0, "percent_statements_covered": 79.3103448275862, "percent_statements_covered_display": "79", "num_branches": 14, "num_partial_branches": 4, "covered_branches": 8, "missing_branches": 6, "percent_branches_covered": 57.142857142857146, "percent_branches_covered_display": "57"}, "missing_lines": [168, 169, 170, 174, 179, 181], "excluded_lines": [], "start_line": 151, "executed_branches": [[155, 158], [155, 160], [167, 171], [173, 175], [176, 177], [176, 183], [178, 180], [180, 182]], "missing_branches": [[167, 168], [168, 169], [168, 170], [173, 174], [178, 179], [180, 181]]}, "control": {"executed_lines": [190, 191, 192, 193, 194, 195, 196, 203, 204, 205, 206, 207, 208, 209, 210, 211, 212, 213, 214, 216, 234], "summary": {"covered_lines": 21, "num_statements": 21, "percent_covered": 100.0, "percent_covered_display": "100", "missing_lines": 0, "excluded_lines": 0, "percent_statements_covered": 100.0, "percent_statements_covered_display": "100", "num_branches": 14, "num_partial_branches": 0, "covered_branches": 14, "missing_branches": 0, "percent_branches_covered": 100.0, "percent_branches_covered_display": "100"}, "missing_lines": [], "excluded_lines": [], "start_line": 189, "executed_branches": [[190, 191], [190, 192], [194, 195], [194, 203], [203, 204], [203, 205], [205, 206], [205, 208], [208, 209], [208, 210], [210, 211], [210, 213], [213, 214], [213, 216]], "missing_branches": []}, "main": {"executed_lines": [238, 239, 240, 241, 242, 247, 249, 250, 251, 253, 254, 255, 257, 258, 259, 261, 262, 263, 266, 268, 287, 288, 296], "summary": {"covered_lines": 23, "num_statements": 26, "percent_covered": 88.88888888888889, "percent_covered_display": "89", "missing_lines": 3, "excluded_lines": 0, "percent_statements_covered": 88.46153846153847, "percent_statements_covered_display": "88", "num_branches": 10, "num_partial_branches": 1, "covered_branches": 9, "missing_branches": 1, "percent_branches_covered": 90.0, "percent_branches_covered_display": "90"}, "missing_lines": [248, 264, 265], "excluded_lines": [], "start_line": 237, "executed_branches": [[240, 241], [240, 254], [247, 249], [250, 251], [250, 253], [254, 255], [254, 258], [258, 259], [258, 261]], "missing_branches": [[247, 248]]}, "": {"executed_lines": [1, 2, 3, 4, 5, 6, 7, 8, 9, 11, 12, 13, 14, 15, 16, 17, 18, 21, 29, 36, 77, 85, 111, 151, 189, 237, 299], "summary": {"covered_lines": 27, "num_statements": 28, "percent_covered": 93.33333333333333, "percent_covered_display": "93", "missing_lines": 1, "excluded_lines": 0, "percent_statements_covered": 96.42857142857143, "percent_statements_covered_display": "96", "num_branches": 2, "num_partial_branches": 1, "covered_branches": 1, "missing_branches": 1, "percent_branches_covered": 50.0, "percent_branches_covered_display": "50"}, "missing_lines": [300], "excluded_lines": [], "start_line": 1, "executed_branches": [[299, -1]], "missing_branches": [[299, 300]]}}, "classes": {"": {"executed_lines": [1, 2, 3, 4, 5, 6, 7, 8, 9, 11, 12, 13, 14, 15, 16, 17, 18, 21, 22, 23, 24, 25, 26, 29, 30, 31, 32, 33, 36, 37, 38, 39, 40, 41, 42, 43, 44, 46, 47, 48, 49, 50, 51, 52, 53, 54, 57, 58, 59, 60, 61, 62, 63, 64, 65, 66, 67, 68, 69, 70, 71, 73, 74, 77, 78, 79, 85, 86, 96, 97, 98, 99, 100, 101, 104, 105, 107, 108, 111, 112, 113, 114, 115, 116, 117, 118, 119, 120, 122, 123, 126, 127, 129, 130, 131, 132, 134, 147, 148, 151, 152, 155, 158, 160, 161, 162, 163, 164, 165, 166, 167, 171, 172, 173, 175, 176, 177, 178, 180, 182, 183, 185, 186, 189, 190, 191, 192, 193, 194, 195, 196, 203, 204, 205, 206, 207, 208, 209, 210, 211, 212, 213, 214, 216, 234, 237, 238, 239, 240, 241, 242, 247, 249, 250, 251, 253, 254, 255, 257, 258, 259, 261, 262, 263, 266, 268, 287, 288, 296, 299], "summary": {"covered_lines": 170, "num_statements": 184, "percent_covered": 90.0, "percent_covered_display": "90", "missing_lines": 14, "excluded_lines": 0, "percent_statements_covered": 92.3913043478261, "percent_statements_covered_display": "92", "num_branches": 66, "num_partial_branches": 9, "covered_branches": 55, "missing_branches": 11, "percent_branches_covered": 83.33333333333333, "percent_branches_covered_display": "83"}, "missing_lines": [80, 82, 121, 133, 168, 169, 170, 174, 179, 181, 248, 264, 265, 300], "excluded_lines": [], "start_line": 1, "executed_branches": [[23, 24], [23, 26], [31, 32], [31, 33], [39, 40], [39, 57], [43, 44], [43, 46], [60, 61], [60, 65], [63, 60], [63, 64], [66, 67], [66, 71], [68, 69], [68, 70], [78, 79], [120, 122], [122, 123], [122, 130], [126, 127], [126, 129], [132, 134], [155, 158], [155, 160], [167, 171], [173, 175], [176, 177], [176, 183], [178, 180], [180, 182], [190, 191], [190, 192], [194, 195], [194, 203], [203, 204], [203, 205], [205, 206], [205, 208], [208, 209], [208, 210], [210, 211], [210, 213], [213, 214], [213, 216], [240, 241], [240, 254], [247, 249], [250, 251], [250, 253], [254, 255], [254, 258], [258, 259], [258, 261], [299, -1]], "missing_branches": [[78, 80], [120, 121], [132, 133], [167, 168], [168, 169], [168, 170], [173, 174], [178, 179], [180, 181], [247, 248], [299, 300]]}}}, "src/wechat_cs/config.py": {"executed_lines": [1, 2, 3, 4, 5, 8, 9, 10, 11, 12, 13, 14, 15, 16, 17, 18, 19, 20, 21, 22, 23, 24, 25, 26, 27, 28, 29, 30, 31, 32, 33, 34, 35, 36, 37, 38, 39, 40, 41, 42, 43, 44, 45, 46, 47, 48, 49, 50, 52, 53, 54, 55, 56, 57, 59, 60, 61, 62, 67, 68, 76, 77, 78, 79, 80, 81, 82, 84, 86, 87, 88, 89, 90, 98, 100, 101, 102, 105, 106, 107, 108, 109, 110, 111, 112, 113, 122, 123, 124, 127, 129, 130], "summary": {"covered_lines": 92, "num_statements": 96, "percent_covered": 94.02985074626865, "percent_covered_display": "94", "missing_lines": 4, "excluded_lines": 0, "percent_statements_covered": 95.83333333333333, "percent_statements_covered_display": "96", "num_branches": 38, "num_partial_branches": 4, "covered_branches": 34, "missing_branches": 4, "percent_branches_covered": 89.47368421052632, "percent_branches_covered_display": "89"}, "missing_lines": [83, 85, 121, 128], "excluded_lines": [], "executed_branches": [[53, 54], [53, 68], [56, 57], [56, 59], [60, 61], [60, 62], [62, 53], [62, 67], [68, 76], [68, 78], [76, 68], [76, 77], [78, 79], [78, 80], [80, 81], [80, 82], [82, 84], [84, 86], [86, 87], [86, 88], [88, -52], [88, 89], [90, -52], [90, 98], [106, 107], [106, 108], [112, 113], [112, 130], [113, 122], [122, 112], [122, 123], [123, 124], [123, 127], [127, 129]], "missing_branches": [[82, 83], [84, 85], [113, 121], [127, 128]], "functions": {"Config.__post_init__": {"executed_lines": [53, 54, 55, 56, 57, 59, 60, 61, 62, 67, 68, 76, 77, 78, 79, 80, 81, 82, 84, 86, 87, 88, 89, 90, 98], "summary": {"covered_lines": 25, "num_statements": 27, "percent_covered": 92.45283018867924, "percent_covered_display": "92", "missing_lines": 2, "excluded_lines": 0, "percent_statements_covered": 92.5925925925926, "percent_statements_covered_display": "93", "num_branches": 26, "num_partial_branches": 2, "covered_branches": 24, "missing_branches": 2, "percent_branches_covered": 92.3076923076923, "percent_branches_covered_display": "92"}, "missing_lines": [83, 85], "excluded_lines": [], "start_line": 52, "executed_branches": [[53, 54], [53, 68], [56, 57], [56, 59], [60, 61], [60, 62], [62, 53], [62, 67], [68, 76], [68, 78], [76, 68], [76, 77], [78, 79], [78, 80], [80, 81], [80, 82], [82, 84], [84, 86], [86, 87], [86, 88], [88, -52], [88, 89], [90, -52], [90, 98]], "missing_branches": [[82, 83], [84, 85]]}, "Config.target": {"executed_lines": [102], "summary": {"covered_lines": 1, "num_statements": 1, "percent_covered": 100.0, "percent_covered_display": "100", "missing_lines": 0, "excluded_lines": 0, "percent_statements_covered": 100.0, "percent_statements_covered_display": "100", "num_branches": 0, "num_partial_branches": 0, "covered_branches": 0, "missing_branches": 0, "percent_branches_covered": 100.0, "percent_branches_covered_display": "100"}, "missing_lines": [], "excluded_lines": [], "start_line": 101, "executed_branches": [], "missing_branches": []}, "load_config": {"executed_lines": [106, 107, 108, 109, 110, 111, 112, 113, 122, 123, 124, 127, 129, 130], "summary": {"covered_lines": 14, "num_statements": 16, "percent_covered": 85.71428571428571, "percent_covered_display": "86", "missing_lines": 2, "excluded_lines": 0, "percent_statements_covered": 87.5, "percent_statements_covered_display": "88", "num_branches": 12, "num_partial_branches": 2, "covered_branches": 10, "missing_branches": 2, "percent_branches_covered": 83.33333333333333, "percent_branches_covered_display": "83"}, "missing_lines": [121, 128], "excluded_lines": [], "start_line": 105, "executed_branches": [[106, 107], [106, 108], [112, 113], [112, 130], [113, 122], [122, 112], [122, 123], [123, 124], [123, 127], [127, 129]], "missing_branches": [[113, 121], [127, 128]]}, "": {"executed_lines": [1, 2, 3, 4, 5, 8, 9, 10, 11, 12, 13, 14, 15, 16, 17, 18, 19, 20, 21, 22, 23, 24, 25, 26, 27, 28, 29, 30, 31, 32, 33, 34, 35, 36, 37, 38, 39, 40, 41, 42, 43, 44, 45, 46, 47, 48, 49, 50, 52, 100, 101, 105], "summary": {"covered_lines": 52, "num_statements": 52, "percent_covered": 100.0, "percent_covered_display": "100", "missing_lines": 0, "excluded_lines": 0, "percent_statements_covered": 100.0, "percent_statements_covered_display": "100", "num_branches": 0, "num_partial_branches": 0, "covered_branches": 0, "missing_branches": 0, "percent_branches_covered": 100.0, "percent_branches_covered_display": "100"}, "missing_lines": [], "excluded_lines": [], "start_line": 1, "executed_branches": [], "missing_branches": []}}, "classes": {"Config": {"executed_lines": [53, 54, 55, 56, 57, 59, 60, 61, 62, 67, 68, 76, 77, 78, 79, 80, 81, 82, 84, 86, 87, 88, 89, 90, 98, 102], "summary": {"covered_lines": 26, "num_statements": 28, "percent_covered": 92.5925925925926, "percent_covered_display": "93", "missing_lines": 2, "excluded_lines": 0, "percent_statements_covered": 92.85714285714286, "percent_statements_covered_display": "93", "num_branches": 26, "num_partial_branches": 2, "covered_branches": 24, "missing_branches": 2, "percent_branches_covered": 92.3076923076923, "percent_branches_covered_display": "92"}, "missing_lines": [83, 85], "excluded_lines": [], "start_line": 9, "executed_branches": [[53, 54], [53, 68], [56, 57], [56, 59], [60, 61], [60, 62], [62, 53], [62, 67], [68, 76], [68, 78], [76, 68], [76, 77], [78, 79], [78, 80], [80, 81], [80, 82], [82, 84], [84, 86], [86, 87], [86, 88], [88, -52], [88, 89], [90, -52], [90, 98]], "missing_branches": [[82, 83], [84, 85]]}, "": {"executed_lines": [1, 2, 3, 4, 5, 8, 9, 10, 11, 12, 13, 14, 15, 16, 17, 18, 19, 20, 21, 22, 23, 24, 25, 26, 27, 28, 29, 30, 31, 32, 33, 34, 35, 36, 37, 38, 39, 40, 41, 42, 43, 44, 45, 46, 47, 48, 49, 50, 52, 100, 101, 105, 106, 107, 108, 109, 110, 111, 112, 113, 122, 123, 124, 127, 129, 130], "summary": {"covered_lines": 66, "num_statements": 68, "percent_covered": 95.0, "percent_covered_display": "95", "missing_lines": 2, "excluded_lines": 0, "percent_statements_covered": 97.05882352941177, "percent_statements_covered_display": "97", "num_branches": 12, "num_partial_branches": 2, "covered_branches": 10, "missing_branches": 2, "percent_branches_covered": 83.33333333333333, "percent_branches_covered_display": "83"}, "missing_lines": [121, 128], "excluded_lines": [], "start_line": 1, "executed_branches": [[106, 107], [106, 108], [112, 113], [112, 130], [113, 122], [122, 112], [122, 123], [123, 124], [123, 127], [127, 129]], "missing_branches": [[113, 121], [127, 128]]}}}, "src/wechat_cs/delta.py": {"executed_lines": [1, 4, 5, 8, 9, 10, 11, 13, 14, 15, 17, 18, 19, 20, 21, 22, 23, 24, 26, 27, 28, 29, 32, 36, 37, 38, 39, 40, 41, 43, 44, 45, 46, 47], "summary": {"covered_lines": 34, "num_statements": 35, "percent_covered": 95.74468085106383, "percent_covered_display": "96", "missing_lines": 1, "excluded_lines": 0, "percent_statements_covered": 97.14285714285714, "percent_statements_covered_display": "97", "num_branches": 12, "num_partial_branches": 1, "covered_branches": 11, "missing_branches": 1, "percent_branches_covered": 91.66666666666667, "percent_branches_covered_display": "92"}, "missing_lines": [25], "excluded_lines": [], "executed_branches": [[19, 20], [19, 21], [22, 23], [22, 24], [24, 26], [28, 29], [28, 32], [36, 37], [36, 38], [39, 40], [39, 41]], "missing_branches": [[24, 25]], "functions": {"Delta.__init__": {"executed_lines": [10, 11], "summary": {"covered_lines": 2, "num_statements": 2, "percent_covered": 100.0, "percent_covered_display": "100", "missing_lines": 0, "excluded_lines": 0, "percent_statements_covered": 100.0, "percent_statements_covered_display": "100", "num_branches": 0, "num_partial_branches": 0, "covered_branches": 0, "missing_branches": 0, "percent_branches_covered": 100.0, "percent_branches_covered_display": "100"}, "missing_lines": [], "excluded_lines": [], "start_line": 9, "executed_branches": [], "missing_branches": []}, "Delta.reset": {"executed_lines": [14, 15], "summary": {"covered_lines": 2, "num_statements": 2, "percent_covered": 100.0, "percent_covered_display": "100", "missing_lines": 0, "excluded_lines": 0, "percent_statements_covered": 100.0, "percent_statements_covered_display": "100", "num_branches": 0, "num_partial_branches": 0, "covered_branches": 0, "missing_branches": 0, "percent_branches_covered": 100.0, "percent_branches_covered_display": "100"}, "missing_lines": [], "excluded_lines": [], "start_line": 13, "executed_branches": [], "missing_branches": []}, "Delta.check": {"executed_lines": [18, 19, 20, 21, 22, 23, 24, 26, 27, 28, 29, 32, 36, 37, 38, 39, 40, 41], "summary": {"covered_lines": 18, "num_statements": 19, "percent_covered": 93.54838709677419, "percent_covered_display": "94", "missing_lines": 1, "excluded_lines": 0, "percent_statements_covered": 94.73684210526316, "percent_statements_covered_display": "95", "num_branches": 12, "num_partial_branches": 1, "covered_branches": 11, "missing_branches": 1, "percent_branches_covered": 91.66666666666667, "percent_branches_covered_display": "92"}, "missing_lines": [25], "excluded_lines": [], "start_line": 17, "executed_branches": [[19, 20], [19, 21], [22, 23], [22, 24], [24, 26], [28, 29], [28, 32], [36, 37], [36, 38], [39, 40], [39, 41]], "missing_branches": [[24, 25]]}, "Delta.update": {"executed_lines": [44, 45, 46, 47], "summary": {"covered_lines": 4, "num_statements": 4, "percent_covered": 100.0, "percent_covered_display": "100", "missing_lines": 0, "excluded_lines": 0, "percent_statements_covered": 100.0, "percent_statements_covered_display": "100", "num_branches": 0, "num_partial_branches": 0, "covered_branches": 0, "missing_branches": 0, "percent_branches_covered": 100.0, "percent_branches_covered_display": "100"}, "missing_lines": [], "excluded_lines": [], "start_line": 43, "executed_branches": [], "missing_branches": []}, "": {"executed_lines": [1, 4, 5, 8, 9, 13, 17, 43], "summary": {"covered_lines": 8, "num_statements": 8, "percent_covered": 100.0, "percent_covered_display": "100", "missing_lines": 0, "excluded_lines": 0, "percent_statements_covered": 100.0, "percent_statements_covered_display": "100", "num_branches": 0, "num_partial_branches": 0, "covered_branches": 0, "missing_branches": 0, "percent_branches_covered": 100.0, "percent_branches_covered_display": "100"}, "missing_lines": [], "excluded_lines": [], "start_line": 1, "executed_branches": [], "missing_branches": []}}, "classes": {"GapError": {"executed_lines": [], "summary": {"covered_lines": 0, "num_statements": 0, "percent_covered": 100.0, "percent_covered_display": "100", "missing_lines": 0, "excluded_lines": 0, "percent_statements_covered": 100.0, "percent_statements_covered_display": "100", "num_branches": 0, "num_partial_branches": 0, "covered_branches": 0, "missing_branches": 0, "percent_branches_covered": 100.0, "percent_branches_covered_display": "100"}, "missing_lines": [], "excluded_lines": [], "start_line": 4, "executed_branches": [], "missing_branches": []}, "Delta": {"executed_lines": [10, 11, 14, 15, 18, 19, 20, 21, 22, 23, 24, 26, 27, 28, 29, 32, 36, 37, 38, 39, 40, 41, 44, 45, 46, 47], "summary": {"covered_lines": 26, "num_statements": 27, "percent_covered": 94.87179487179488, "percent_covered_display": "95", "missing_lines": 1, "excluded_lines": 0, "percent_statements_covered": 96.29629629629629, "percent_statements_covered_display": "96", "num_branches": 12, "num_partial_branches": 1, "covered_branches": 11, "missing_branches": 1, "percent_branches_covered": 91.66666666666667, "percent_branches_covered_display": "92"}, "missing_lines": [25], "excluded_lines": [], "start_line": 8, "executed_branches": [[19, 20], [19, 21], [22, 23], [22, 24], [24, 26], [28, 29], [28, 32], [36, 37], [36, 38], [39, 40], [39, 41]], "missing_branches": [[24, 25]]}, "": {"executed_lines": [1, 4, 5, 8, 9, 13, 17, 43], "summary": {"covered_lines": 8, "num_statements": 8, "percent_covered": 100.0, "percent_covered_display": "100", "missing_lines": 0, "excluded_lines": 0, "percent_statements_covered": 100.0, "percent_statements_covered_display": "100", "num_branches": 0, "num_partial_branches": 0, "covered_branches": 0, "missing_branches": 0, "percent_branches_covered": 100.0, "percent_branches_covered_display": "100"}, "missing_lines": [], "excluded_lines": [], "start_line": 1, "executed_branches": [], "missing_branches": []}}}, "src/wechat_cs/engine.py": {"executed_lines": [1, 2, 3, 4, 6, 7, 8, 9, 10, 11, 14, 15, 27, 28, 29, 30, 31, 34, 35, 36, 37, 38, 39, 40, 41, 42, 44, 45, 46, 51, 52, 53, 55, 57, 58, 59, 60, 61, 62, 63, 64, 65, 66, 67, 68, 70, 71, 72, 73, 74, 76, 77, 87, 88, 89, 92, 94, 96, 97, 98, 99, 100, 101, 102, 103, 104, 105, 106, 107, 108, 109, 110, 111, 112, 113, 114, 115, 116, 117, 118, 119, 120, 121, 122, 123, 124, 125, 126, 127, 135, 136, 137, 140, 141, 143, 144, 145, 146, 148, 149, 150, 151, 152, 153, 154, 155, 156, 157, 158, 159, 160, 161, 162, 163, 164, 165, 166, 167, 169, 170, 171, 172, 180, 181, 182, 183, 184, 185, 186, 187, 189, 190, 192, 193], "summary": {"covered_lines": 134, "num_statements": 137, "percent_covered": 97.86096256684492, "percent_covered_display": "98", "missing_lines": 3, "excluded_lines": 0, "percent_statements_covered": 97.81021897810218, "percent_statements_covered_display": "98", "num_branches": 50, "num_partial_branches": 1, "covered_branches": 49, "missing_branches": 1, "percent_branches_covered": 98.0, "percent_branches_covered_display": "98"}, "missing_lines": [138, 139, 191], "excluded_lines": [], "executed_branches": [[46, 51], [46, 52], [52, -44], [52, 53], [72, 73], [72, 74], [87, 88], [87, 89], [89, 92], [89, 94], [97, 98], [97, 99], [100, 101], [100, 106], [103, 104], [103, 106], [104, 103], [104, 105], [115, 116], [115, 118], [116, 117], [116, 118], [118, 119], [118, 146], [119, 118], [119, 120], [120, 121], [120, 143], [136, 137], [136, 140], [140, 141], [140, 144], [150, 151], [150, 152], [152, -148], [152, 153], [153, 154], [153, 155], [155, 156], [155, 157], [164, 165], [164, 166], [166, 167], [166, 169], [169, 170], [169, 171], [185, 152], [185, 186], [190, 192]], "missing_branches": [[190, 191]], "functions": {"Engine.__init__": {"executed_lines": [27, 28, 29, 30, 31, 34, 35, 36, 37, 38, 39, 40, 41, 42], "summary": {"covered_lines": 14, "num_statements": 14, "percent_covered": 100.0, "percent_covered_display": "100", "missing_lines": 0, "excluded_lines": 0, "percent_statements_covered": 100.0, "percent_statements_covered_display": "100", "num_branches": 0, "num_partial_branches": 0, "covered_branches": 0, "missing_branches": 0, "percent_branches_covered": 100.0, "percent_branches_covered_display": "100"}, "missing_lines": [], "excluded_lines": [], "start_line": 15, "executed_branches": [], "missing_branches": []}, "Engine._validate": {"executed_lines": [45, 46, 51, 52, 53], "summary": {"covered_lines": 5, "num_statements": 5, "percent_covered": 100.0, "percent_covered_display": "100", "missing_lines": 0, "excluded_lines": 0, "percent_statements_covered": 100.0, "percent_statements_covered_display": "100", "num_branches": 4, "num_partial_branches": 0, "covered_branches": 4, "missing_branches": 0, "percent_branches_covered": 100.0, "percent_branches_covered_display": "100"}, "missing_lines": [], "excluded_lines": [], "start_line": 44, "executed_branches": [[46, 51], [46, 52], [52, -44], [52, 53]], "missing_branches": []}, "Engine.start": {"executed_lines": [57, 58, 59, 60, 61, 62, 63, 64, 65, 66, 67, 68], "summary": {"covered_lines": 12, "num_statements": 12, "percent_covered": 100.0, "percent_covered_display": "100", "missing_lines": 0, "excluded_lines": 0, "percent_statements_covered": 100.0, "percent_statements_covered_display": "100", "num_branches": 0, "num_partial_branches": 0, "covered_branches": 0, "missing_branches": 0, "percent_branches_covered": 100.0, "percent_branches_covered_display": "100"}, "missing_lines": [], "excluded_lines": [], "start_line": 55, "executed_branches": [], "missing_branches": []}, "Engine.ingest": {"executed_lines": [71, 72, 73, 74, 76, 77, 87, 88, 89, 92, 94], "summary": {"covered_lines": 11, "num_statements": 11, "percent_covered": 100.0, "percent_covered_display": "100", "missing_lines": 0, "excluded_lines": 0, "percent_statements_covered": 100.0, "percent_statements_covered_display": "100", "num_branches": 6, "num_partial_branches": 0, "covered_branches": 6, "missing_branches": 0, "percent_branches_covered": 100.0, "percent_branches_covered_display": "100"}, "missing_lines": [], "excluded_lines": [], "start_line": 70, "executed_branches": [[72, 73], [72, 74], [87, 88], [87, 89], [89, 92], [89, 94]], "missing_branches": []}, "Engine.tick": {"executed_lines": [97, 98, 99, 100, 101, 102, 103, 104, 105, 106, 107, 108, 109, 110, 111, 112, 113, 114, 115, 116, 117, 118, 119, 120, 121, 122, 123, 124, 125, 126, 127, 135, 136, 137, 140, 141, 143, 144, 145, 146], "summary": {"covered_lines": 40, "num_statements": 42, "percent_covered": 96.875, "percent_covered_display": "97", "missing_lines": 2, "excluded_lines": 0, "percent_statements_covered": 95.23809523809524, "percent_statements_covered_display": "95", "num_branches": 22, "num_partial_branches": 0, "covered_branches": 22, "missing_branches": 0, "percent_branches_covered": 100.0, "percent_branches_covered_display": "100"}, "missing_lines": [138, 139], "excluded_lines": [], "start_line": 96, "executed_branches": [[97, 98], [97, 99], [100, 101], [100, 106], [103, 104], [103, 106], [104, 103], [104, 105], [115, 116], [115, 118], [116, 117], [116, 118], [118, 119], [118, 146], [119, 118], [119, 120], [120, 121], [120, 143], [136, 137], [136, 140], [140, 141], [140, 144]], "missing_branches": []}, "Engine.dispatch": {"executed_lines": [149, 150, 151, 152, 153, 154, 155, 156, 157, 158, 159, 160, 161, 162, 163, 164, 165, 166, 167, 169, 170, 171, 172, 180, 181, 182, 183, 184, 185, 186, 187], "summary": {"covered_lines": 31, "num_statements": 31, "percent_covered": 100.0, "percent_covered_display": "100", "missing_lines": 0, "excluded_lines": 0, "percent_statements_covered": 100.0, "percent_statements_covered_display": "100", "num_branches": 16, "num_partial_branches": 0, "covered_branches": 16, "missing_branches": 0, "percent_branches_covered": 100.0, "percent_branches_covered_display": "100"}, "missing_lines": [], "excluded_lines": [], "start_line": 148, "executed_branches": [[150, 151], [150, 152], [152, -148], [152, 153], [153, 154], [153, 155], [155, 156], [155, 157], [164, 165], [164, 166], [166, 167], [166, 169], [169, 170], [169, 171], [185, 152], [185, 186]], "missing_branches": []}, "Engine.close": {"executed_lines": [190, 192, 193], "summary": {"covered_lines": 3, "num_statements": 4, "percent_covered": 66.66666666666667, "percent_covered_display": "67", "missing_lines": 1, "excluded_lines": 0, "percent_statements_covered": 75.0, "percent_statements_covered_display": "75", "num_branches": 2, "num_partial_branches": 1, "covered_branches": 1, "missing_branches": 1, "percent_branches_covered": 50.0, "percent_branches_covered_display": "50"}, "missing_lines": [191], "excluded_lines": [], "start_line": 189, "executed_branches": [[190, 192]], "missing_branches": [[190, 191]]}, "": {"executed_lines": [1, 2, 3, 4, 6, 7, 8, 9, 10, 11, 14, 15, 44, 55, 70, 96, 148, 189], "summary": {"covered_lines": 18, "num_statements": 18, "percent_covered": 100.0, "percent_covered_display": "100", "missing_lines": 0, "excluded_lines": 0, "percent_statements_covered": 100.0, "percent_statements_covered_display": "100", "num_branches": 0, "num_partial_branches": 0, "covered_branches": 0, "missing_branches": 0, "percent_branches_covered": 100.0, "percent_branches_covered_display": "100"}, "missing_lines": [], "excluded_lines": [], "start_line": 1, "executed_branches": [], "missing_branches": []}}, "classes": {"Engine": {"executed_lines": [27, 28, 29, 30, 31, 34, 35, 36, 37, 38, 39, 40, 41, 42, 45, 46, 51, 52, 53, 57, 58, 59, 60, 61, 62, 63, 64, 65, 66, 67, 68, 71, 72, 73, 74, 76, 77, 87, 88, 89, 92, 94, 97, 98, 99, 100, 101, 102, 103, 104, 105, 106, 107, 108, 109, 110, 111, 112, 113, 114, 115, 116, 117, 118, 119, 120, 121, 122, 123, 124, 125, 126, 127, 135, 136, 137, 140, 141, 143, 144, 145, 146, 149, 150, 151, 152, 153, 154, 155, 156, 157, 158, 159, 160, 161, 162, 163, 164, 165, 166, 167, 169, 170, 171, 172, 180, 181, 182, 183, 184, 185, 186, 187, 190, 192, 193], "summary": {"covered_lines": 116, "num_statements": 119, "percent_covered": 97.63313609467455, "percent_covered_display": "98", "missing_lines": 3, "excluded_lines": 0, "percent_statements_covered": 97.47899159663865, "percent_statements_covered_display": "97", "num_branches": 50, "num_partial_branches": 1, "covered_branches": 49, "missing_branches": 1, "percent_branches_covered": 98.0, "percent_branches_covered_display": "98"}, "missing_lines": [138, 139, 191], "excluded_lines": [], "start_line": 14, "executed_branches": [[46, 51], [46, 52], [52, -44], [52, 53], [72, 73], [72, 74], [87, 88], [87, 89], [89, 92], [89, 94], [97, 98], [97, 99], [100, 101], [100, 106], [103, 104], [103, 106], [104, 103], [104, 105], [115, 116], [115, 118], [116, 117], [116, 118], [118, 119], [118, 146], [119, 118], [119, 120], [120, 121], [120, 143], [136, 137], [136, 140], [140, 141], [140, 144], [150, 151], [150, 152], [152, -148], [152, 153], [153, 154], [153, 155], [155, 156], [155, 157], [164, 165], [164, 166], [166, 167], [166, 169], [169, 170], [169, 171], [185, 152], [185, 186], [190, 192]], "missing_branches": [[190, 191]]}, "": {"executed_lines": [1, 2, 3, 4, 6, 7, 8, 9, 10, 11, 14, 15, 44, 55, 70, 96, 148, 189], "summary": {"covered_lines": 18, "num_statements": 18, "percent_covered": 100.0, "percent_covered_display": "100", "missing_lines": 0, "excluded_lines": 0, "percent_statements_covered": 100.0, "percent_statements_covered_display": "100", "num_branches": 0, "num_partial_branches": 0, "covered_branches": 0, "missing_branches": 0, "percent_branches_covered": 100.0, "percent_branches_covered_display": "100"}, "missing_lines": [], "excluded_lines": [], "start_line": 1, "executed_branches": [], "missing_branches": []}}}, "src/wechat_cs/knowledge.py": {"executed_lines": [3, 4, 5, 6, 7, 8, 9, 10, 11, 12, 13, 15, 16, 18, 27, 28, 34, 35, 36, 37, 40, 41, 42, 45, 46, 47, 48, 49, 50, 59, 60, 61, 62, 80, 81, 82, 83, 84, 85, 86, 87, 88, 89, 91, 92, 93, 95, 96, 101, 102, 103, 104, 107, 108, 109, 111, 114, 115, 116, 117, 118, 119, 122, 123, 124, 125, 126, 127, 141, 142, 144, 145, 147, 148, 150, 151, 155, 156, 163, 164, 165, 166, 168, 169, 170, 172, 173, 174, 175, 178, 180, 188, 189, 190, 191, 192, 194, 195, 196, 197, 198, 199, 203, 204, 206, 211, 212, 219, 223, 236, 240, 241, 242, 243, 263, 264, 271, 274, 275, 277, 278, 286, 288, 296, 297, 305, 311, 312, 313, 314, 315, 319, 320, 321, 322, 323, 326, 328, 329, 330, 334, 338, 339, 340, 348, 349, 350, 356, 361, 374, 375, 376, 377, 378, 379, 386, 387, 388, 392, 393, 394, 405, 406, 407, 408, 409, 414, 415, 419, 421, 422, 423, 424, 425, 427, 428, 432, 433, 434, 435, 436, 437, 438, 439, 440, 441, 442, 443, 444, 445, 446, 448], "summary": {"covered_lines": 192, "num_statements": 204, "percent_covered": 91.60839160839161, "percent_covered_display": "92", "missing_lines": 12, "excluded_lines": 0, "percent_statements_covered": 94.11764705882354, "percent_statements_covered_display": "94", "num_branches": 82, "num_partial_branches": 12, "covered_branches": 70, "missing_branches": 12, "percent_branches_covered": 85.36585365853658, "percent_branches_covered_display": "85"}, "missing_lines": [90, 94, 100, 110, 143, 167, 171, 193, 205, 276, 327, 447], "excluded_lines": [], "executed_branches": [[47, 48], [47, 50], [84, 85], [84, 86], [86, 87], [86, 88], [88, 89], [88, 92], [89, 91], [93, 95], [95, 96], [95, 101], [96, 95], [101, 102], [101, 103], [109, 111], [116, 117], [116, 119], [117, 116], [117, 118], [142, 144], [166, 168], [169, 170], [169, 305], [170, 172], [173, 174], [173, 175], [175, 178], [175, 180], [188, 189], [188, 190], [190, 169], [190, 191], [192, 194], [197, 198], [197, 236], [198, 199], [198, 240], [199, 203], [199, 204], [204, 206], [206, 211], [206, 212], [240, 241], [240, 278], [241, 242], [241, 243], [275, 277], [313, 314], [313, 321], [321, 322], [321, 340], [326, 328], [328, 329], [328, 330], [375, 376], [375, 377], [407, 408], [407, 437], [415, 419], [415, 421], [423, 424], [423, 425], [438, 439], [438, 446], [440, 441], [440, 442], [444, 438], [444, 445], [446, 448]], "missing_branches": [[89, 90], [93, 94], [96, 100], [109, 110], [142, 143], [166, 167], [170, 171], [192, 193], [204, 205], [275, 276], [326, 327], [446, 447]], "functions": {"validate": {"executed_lines": [41, 42], "summary": {"covered_lines": 2, "num_statements": 2, "percent_covered": 100.0, "percent_covered_display": "100", "missing_lines": 0, "excluded_lines": 0, "percent_statements_covered": 100.0, "percent_statements_covered_display": "100", "num_branches": 0, "num_partial_branches": 0, "covered_branches": 0, "missing_branches": 0, "percent_branches_covered": 100.0, "percent_branches_covered_display": "100"}, "missing_lines": [], "excluded_lines": [], "start_line": 40, "executed_branches": [], "missing_branches": []}, "tokens": {"executed_lines": [46, 47, 48, 49, 50], "summary": {"covered_lines": 5, "num_statements": 5, "percent_covered": 100.0, "percent_covered_display": "100", "missing_lines": 0, "excluded_lines": 0, "percent_statements_covered": 100.0, "percent_statements_covered_display": "100", "num_branches": 2, "num_partial_branches": 0, "covered_branches": 2, "missing_branches": 0, "percent_branches_covered": 100.0, "percent_branches_covered_display": "100"}, "missing_lines": [], "excluded_lines": [], "start_line": 45, "executed_branches": [[47, 48], [47, 50]], "missing_branches": []}, "allowed": {"executed_lines": [60, 61, 62], "summary": {"covered_lines": 3, "num_statements": 3, "percent_covered": 100.0, "percent_covered_display": "100", "missing_lines": 0, "excluded_lines": 0, "percent_statements_covered": 100.0, "percent_statements_covered_display": "100", "num_branches": 0, "num_partial_branches": 0, "covered_branches": 0, "missing_branches": 0, "percent_branches_covered": 100.0, "percent_branches_covered_display": "100"}, "missing_lines": [], "excluded_lines": [], "start_line": 59, "executed_branches": [], "missing_branches": []}, "load_settings": {"executed_lines": [81, 82, 83, 84, 85, 86, 87, 88, 89, 91, 92, 93, 95, 96, 101, 102, 103, 104], "summary": {"covered_lines": 18, "num_statements": 21, "percent_covered": 83.78378378378379, "percent_covered_display": "84", "missing_lines": 3, "excluded_lines": 0, "percent_statements_covered": 85.71428571428571, "percent_statements_covered_display": "86", "num_branches": 16, "num_partial_branches": 3, "covered_branches": 13, "missing_branches": 3, "percent_branches_covered": 81.25, "percent_branches_covered_display": "81"}, "missing_lines": [90, 94, 100], "excluded_lines": [], "start_line": 80, "executed_branches": [[84, 85], [84, 86], [86, 87], [86, 88], [88, 89], [88, 92], [89, 91], [93, 95], [95, 96], [95, 101], [96, 95], [101, 102], [101, 103]], "missing_branches": [[89, 90], [93, 94], [96, 100]]}, "bound_scope": {"executed_lines": [108, 109, 111], "summary": {"covered_lines": 3, "num_statements": 4, "percent_covered": 66.66666666666667, "percent_covered_display": "67", "missing_lines": 1, "excluded_lines": 0, "percent_statements_covered": 75.0, "percent_statements_covered_display": "75", "num_branches": 2, "num_partial_branches": 1, "covered_branches": 1, "missing_branches": 1, "percent_branches_covered": 50.0, "percent_branches_covered_display": "50"}, "missing_lines": [110], "excluded_lines": [], "start_line": 107, "executed_branches": [[109, 111]], "missing_branches": [[109, 110]]}, "rrf": {"executed_lines": [115, 116, 117, 118, 119], "summary": {"covered_lines": 5, "num_statements": 5, "percent_covered": 100.0, "percent_covered_display": "100", "missing_lines": 0, "excluded_lines": 0, "percent_statements_covered": 100.0, "percent_statements_covered_display": "100", "num_branches": 4, "num_partial_branches": 0, "covered_branches": 4, "missing_branches": 0, "percent_branches_covered": 100.0, "percent_branches_covered_display": "100"}, "missing_lines": [], "excluded_lines": [], "start_line": 114, "executed_branches": [[116, 117], [116, 119], [117, 116], [117, 118]], "missing_branches": []}, "KnowledgeBase.__init__": {"executed_lines": [124, 125, 126, 127, 141, 142, 144, 145], "summary": {"covered_lines": 8, "num_statements": 9, "percent_covered": 81.81818181818181, "percent_covered_display": "82", "missing_lines": 1, "excluded_lines": 0, "percent_statements_covered": 88.88888888888889, "percent_statements_covered_display": "89", "num_branches": 2, "num_partial_branches": 1, "covered_branches": 1, "missing_branches": 1, "percent_branches_covered": 50.0, "percent_branches_covered_display": "50"}, "missing_lines": [143], "excluded_lines": [], "start_line": 123, "executed_branches": [[142, 144]], "missing_branches": [[142, 143]]}, "KnowledgeBase.close": {"executed_lines": [148], "summary": {"covered_lines": 1, "num_statements": 1, "percent_covered": 100.0, "percent_covered_display": "100", "missing_lines": 0, "excluded_lines": 0, "percent_statements_covered": 100.0, "percent_statements_covered_display": "100", "num_branches": 0, "num_partial_branches": 0, "covered_branches": 0, "missing_branches": 0, "percent_branches_covered": 100.0, "percent_branches_covered_display": "100"}, "missing_lines": [], "excluded_lines": [], "start_line": 147, "executed_branches": [], "missing_branches": []}, "KnowledgeBase.evidence": {"executed_lines": [151], "summary": {"covered_lines": 1, "num_statements": 1, "percent_covered": 100.0, "percent_covered_display": "100", "missing_lines": 0, "excluded_lines": 0, "percent_statements_covered": 100.0, "percent_statements_covered_display": "100", "num_branches": 0, "num_partial_branches": 0, "covered_branches": 0, "missing_branches": 0, "percent_branches_covered": 100.0, "percent_branches_covered_display": "100"}, "missing_lines": [], "excluded_lines": [], "start_line": 150, "executed_branches": [], "missing_branches": []}, "KnowledgeBase.revision": {"executed_lines": [156], "summary": {"covered_lines": 1, "num_statements": 1, "percent_covered": 100.0, "percent_covered_display": "100", "missing_lines": 0, "excluded_lines": 0, "percent_statements_covered": 100.0, "percent_statements_covered_display": "100", "num_branches": 0, "num_partial_branches": 0, "covered_branches": 0, "missing_branches": 0, "percent_branches_covered": 100.0, "percent_branches_covered_display": "100"}, "missing_lines": [], "excluded_lines": [], "start_line": 155, "executed_branches": [], "missing_branches": []}, "KnowledgeBase.ingest": {"executed_lines": [164, 165, 166, 168, 169, 170, 172, 173, 174, 175, 178, 180, 188, 189, 190, 191, 192, 194, 195, 196, 197, 198, 199, 203, 204, 206, 211, 212, 219, 223, 236, 240, 241, 242, 243, 263, 264, 271, 274, 275, 277, 278, 286, 288, 296, 297, 305, 311, 312, 313, 314, 315, 319, 320, 321, 322, 323, 326, 328, 329, 330, 334, 338, 339, 340], "summary": {"covered_lines": 65, "num_statements": 71, "percent_covered": 89.1891891891892, "percent_covered_display": "89", "missing_lines": 6, "excluded_lines": 0, "percent_statements_covered": 91.54929577464789, "percent_statements_covered_display": "92", "num_branches": 40, "num_partial_branches": 6, "covered_branches": 34, "missing_branches": 6, "percent_branches_covered": 85.0, "percent_branches_covered_display": "85"}, "missing_lines": [167, 171, 193, 205, 276, 327], "excluded_lines": [], "start_line": 163, "executed_branches": [[166, 168], [169, 170], [169, 305], [170, 172], [173, 174], [173, 175], [175, 178], [175, 180], [188, 189], [188, 190], [190, 169], [190, 191], [192, 194], [197, 198], [197, 236], [198, 199], [198, 240], [199, 203], [199, 204], [204, 206], [206, 211], [206, 212], [240, 241], [240, 278], [241, 242], [241, 243], [275, 277], [313, 314], [313, 321], [321, 322], [321, 340], [326, 328], [328, 329], [328, 330]], "missing_branches": [[166, 167], [170, 171], [192, 193], [204, 205], [275, 276], [326, 327]]}, "KnowledgeBase.audit_policy": {"executed_lines": [349, 356], "summary": {"covered_lines": 2, "num_statements": 2, "percent_covered": 100.0, "percent_covered_display": "100", "missing_lines": 0, "excluded_lines": 0, "percent_statements_covered": 100.0, "percent_statements_covered_display": "100", "num_branches": 0, "num_partial_branches": 0, "covered_branches": 0, "missing_branches": 0, "percent_branches_covered": 100.0, "percent_branches_covered_display": "100"}, "missing_lines": [], "excluded_lines": [], "start_line": 348, "executed_branches": [], "missing_branches": []}, "KnowledgeBase.audit_policy.policy": {"executed_lines": [350], "summary": {"covered_lines": 1, "num_statements": 1, "percent_covered": 100.0, "percent_covered_display": "100", "missing_lines": 0, "excluded_lines": 0, "percent_statements_covered": 100.0, "percent_statements_covered_display": "100", "num_branches": 0, "num_partial_branches": 0, "covered_branches": 0, "missing_branches": 0, "percent_branches_covered": 100.0, "percent_branches_covered_display": "100"}, "missing_lines": [], "excluded_lines": [], "start_line": 349, "executed_branches": [], "missing_branches": []}, "KnowledgeBase.search": {"executed_lines": [374, 375, 376, 377, 378, 379, 386, 387, 388, 392, 393, 394, 405, 406, 407, 408, 409, 414, 415, 419, 421, 427, 428, 432, 433, 434, 435, 436, 437, 438, 439, 440, 441, 442, 443, 444, 445, 446, 448], "summary": {"covered_lines": 39, "num_statements": 40, "percent_covered": 96.29629629629629, "percent_covered_display": "96", "missing_lines": 1, "excluded_lines": 0, "percent_statements_covered": 97.5, "percent_statements_covered_display": "98", "num_branches": 14, "num_partial_branches": 1, "covered_branches": 13, "missing_branches": 1, "percent_branches_covered": 92.85714285714286, "percent_branches_covered_display": "93"}, "missing_lines": [447], "excluded_lines": [], "start_line": 361, "executed_branches": [[375, 376], [375, 377], [407, 408], [407, 437], [415, 419], [415, 421], [438, 439], [438, 446], [440, 441], [440, 442], [444, 438], [444, 445], [446, 448]], "missing_branches": [[446, 447]]}, "KnowledgeBase.search.unit": {"executed_lines": [422, 423, 424, 425], "summary": {"covered_lines": 4, "num_statements": 4, "percent_covered": 100.0, "percent_covered_display": "100", "missing_lines": 0, "excluded_lines": 0, "percent_statements_covered": 100.0, "percent_statements_covered_display": "100", "num_branches": 2, "num_partial_branches": 0, "covered_branches": 2, "missing_branches": 0, "percent_branches_covered": 100.0, "percent_branches_covered_display": "100"}, "missing_lines": [], "excluded_lines": [], "start_line": 421, "executed_branches": [[423, 424], [423, 425]], "missing_branches": []}, "": {"executed_lines": [3, 4, 5, 6, 7, 8, 9, 10, 11, 12, 13, 15, 16, 18, 27, 28, 34, 35, 36, 37, 40, 45, 59, 80, 107, 114, 122, 123, 147, 150, 155, 163, 348, 361], "summary": {"covered_lines": 34, "num_statements": 34, "percent_covered": 100.0, "percent_covered_display": "100", "missing_lines": 0, "excluded_lines": 0, "percent_statements_covered": 100.0, "percent_statements_covered_display": "100", "num_branches": 0, "num_partial_branches": 0, "covered_branches": 0, "missing_branches": 0, "percent_branches_covered": 100.0, "percent_branches_covered_display": "100"}, "missing_lines": [], "excluded_lines": [], "start_line": 1, "executed_branches": [], "missing_branches": []}}, "classes": {"KnowledgeBase": {"executed_lines": [124, 125, 126, 127, 141, 142, 144, 145, 148, 151, 156, 164, 165, 166, 168, 169, 170, 172, 173, 174, 175, 178, 180, 188, 189, 190, 191, 192, 194, 195, 196, 197, 198, 199, 203, 204, 206, 211, 212, 219, 223, 236, 240, 241, 242, 243, 263, 264, 271, 274, 275, 277, 278, 286, 288, 296, 297, 305, 311, 312, 313, 314, 315, 319, 320, 321, 322, 323, 326, 328, 329, 330, 334, 338, 339, 340, 349, 350, 356, 374, 375, 376, 377, 378, 379, 386, 387, 388, 392, 393, 394, 405, 406, 407, 408, 409, 414, 415, 419, 421, 422, 423, 424, 425, 427, 428, 432, 433, 434, 435, 436, 437, 438, 439, 440, 441, 442, 443, 444, 445, 446, 448], "summary": {"covered_lines": 122, "num_statements": 130, "percent_covered": 91.48936170212765, "percent_covered_display": "91", "missing_lines": 8, "excluded_lines": 0, "percent_statements_covered": 93.84615384615384, "percent_statements_covered_display": "94", "num_branches": 58, "num_partial_branches": 8, "covered_branches": 50, "missing_branches": 8, "percent_branches_covered": 86.20689655172414, "percent_branches_covered_display": "86"}, "missing_lines": [143, 167, 171, 193, 205, 276, 327, 447], "excluded_lines": [], "start_line": 122, "executed_branches": [[142, 144], [166, 168], [169, 170], [169, 305], [170, 172], [173, 174], [173, 175], [175, 178], [175, 180], [188, 189], [188, 190], [190, 169], [190, 191], [192, 194], [197, 198], [197, 236], [198, 199], [198, 240], [199, 203], [199, 204], [204, 206], [206, 211], [206, 212], [240, 241], [240, 278], [241, 242], [241, 243], [275, 277], [313, 314], [313, 321], [321, 322], [321, 340], [326, 328], [328, 329], [328, 330], [375, 376], [375, 377], [407, 408], [407, 437], [415, 419], [415, 421], [423, 424], [423, 425], [438, 439], [438, 446], [440, 441], [440, 442], [444, 438], [444, 445], [446, 448]], "missing_branches": [[142, 143], [166, 167], [170, 171], [192, 193], [204, 205], [275, 276], [326, 327], [446, 447]]}, "": {"executed_lines": [3, 4, 5, 6, 7, 8, 9, 10, 11, 12, 13, 15, 16, 18, 27, 28, 34, 35, 36, 37, 40, 41, 42, 45, 46, 47, 48, 49, 50, 59, 60, 61, 62, 80, 81, 82, 83, 84, 85, 86, 87, 88, 89, 91, 92, 93, 95, 96, 101, 102, 103, 104, 107, 108, 109, 111, 114, 115, 116, 117, 118, 119, 122, 123, 147, 150, 155, 163, 348, 361], "summary": {"covered_lines": 70, "num_statements": 74, "percent_covered": 91.83673469387755, "percent_covered_display": "92", "missing_lines": 4, "excluded_lines": 0, "percent_statements_covered": 94.5945945945946, "percent_statements_covered_display": "95", "num_branches": 24, "num_partial_branches": 4, "covered_branches": 20, "missing_branches": 4, "percent_branches_covered": 83.33333333333333, "percent_branches_covered_display": "83"}, "missing_lines": [90, 94, 100, 110], "excluded_lines": [], "start_line": 1, "executed_branches": [[47, 48], [47, 50], [84, 85], [84, 86], [86, 87], [86, 88], [88, 89], [88, 92], [89, 91], [93, 95], [95, 96], [95, 101], [96, 95], [101, 102], [101, 103], [109, 111], [116, 117], [116, 119], [117, 116], [117, 118]], "missing_branches": [[89, 90], [93, 94], [96, 100], [109, 110]]}}}, "src/wechat_cs/knowledge_answer.py": {"executed_lines": [3, 4, 5, 6, 7, 8, 10, 12, 13, 14, 15, 17, 18, 24, 27, 30, 35, 36, 49, 51, 52, 53, 54, 55, 56, 59, 61, 62, 63, 64, 65, 66, 67, 78, 79, 80, 81, 82, 84, 85, 92, 93, 94, 95, 96, 97, 98, 99, 100, 101, 103, 104, 105, 108, 109, 110, 111, 112, 113, 120, 121, 122, 123, 124, 141, 142, 143, 144, 145, 146, 147, 148, 150, 151, 152, 153, 154, 155, 157, 158, 161, 162, 163, 164, 165, 166, 167, 174, 175, 177, 185, 186, 187, 188, 191, 192, 193, 194, 195, 196, 197, 198, 201, 202, 203, 204, 206, 207, 225, 226, 227, 228, 229, 230, 234, 237, 238, 244, 257, 259, 260, 261, 262, 263, 264, 267, 274, 276, 277, 278, 279, 281, 282, 286, 290, 297], "summary": {"covered_lines": 136, "num_statements": 145, "percent_covered": 92.55813953488372, "percent_covered_display": "93", "missing_lines": 9, "excluded_lines": 0, "percent_statements_covered": 93.79310344827586, "percent_statements_covered_display": "94", "num_branches": 70, "num_partial_branches": 7, "covered_branches": 63, "missing_branches": 7, "percent_branches_covered": 90.0, "percent_branches_covered_display": "90"}, "missing_lines": [83, 102, 119, 149, 156, 159, 265, 266, 275], "excluded_lines": [], "executed_branches": [[52, 53], [52, 56], [53, 52], [53, 54], [54, 53], [54, 55], [62, 63], [62, 64], [82, 92], [95, 96], [95, 98], [96, 95], [96, 97], [98, 99], [98, 101], [99, 98], [99, 100], [101, 103], [103, 104], [103, 105], [105, 108], [105, 109], [110, 111], [110, 112], [112, 113], [112, 120], [113, 112], [120, 121], [120, 122], [122, 123], [122, 124], [148, 150], [151, 152], [151, 157], [152, 153], [152, 154], [155, -142], [157, -142], [157, 158], [158, -142], [167, 174], [167, 177], [186, 187], [186, 188], [188, 191], [188, 192], [192, 193], [192, 194], [194, 195], [194, 196], [196, 197], [196, 198], [198, 201], [198, 202], [202, 203], [202, 206], [230, 234], [230, 237], [237, 238], [237, 244], [274, 276], [277, 278], [277, 281]], "missing_branches": [[82, 83], [101, 102], [113, 119], [148, 149], [155, 156], [158, 159], [274, 275]], "functions": {"fallback": {"executed_lines": [36], "summary": {"covered_lines": 1, "num_statements": 1, "percent_covered": 100.0, "percent_covered_display": "100", "missing_lines": 0, "excluded_lines": 0, "percent_statements_covered": 100.0, "percent_statements_covered_display": "100", "num_branches": 0, "num_partial_branches": 0, "covered_branches": 0, "missing_branches": 0, "percent_branches_covered": 100.0, "percent_branches_covered_display": "100"}, "missing_lines": [], "excluded_lines": [], "start_line": 35, "executed_branches": [], "missing_branches": []}, "contradictory": {"executed_lines": [51, 52, 53, 54, 55, 56], "summary": {"covered_lines": 6, "num_statements": 6, "percent_covered": 100.0, "percent_covered_display": "100", "missing_lines": 0, "excluded_lines": 0, "percent_statements_covered": 100.0, "percent_statements_covered_display": "100", "num_branches": 6, "num_partial_branches": 0, "covered_branches": 6, "missing_branches": 0, "percent_branches_covered": 100.0, "percent_branches_covered_display": "100"}, "missing_lines": [], "excluded_lines": [], "start_line": 49, "executed_branches": [[52, 53], [52, 56], [53, 52], [53, 54], [54, 53], [54, 55]], "missing_branches": []}, "mock_draft": {"executed_lines": [61, 62, 63, 64, 65, 66, 67], "summary": {"covered_lines": 7, "num_statements": 7, "percent_covered": 100.0, "percent_covered_display": "100", "missing_lines": 0, "excluded_lines": 0, "percent_statements_covered": 100.0, "percent_statements_covered_display": "100", "num_branches": 2, "num_partial_branches": 0, "covered_branches": 2, "missing_branches": 0, "percent_branches_covered": 100.0, "percent_branches_covered_display": "100"}, "missing_lines": [], "excluded_lines": [], "start_line": 59, "executed_branches": [[62, 63], [62, 64]], "missing_branches": []}, "review": {"executed_lines": [79, 80, 81, 82, 84, 85, 92, 93, 94, 95, 96, 97, 98, 99, 100, 101, 103, 104, 105, 108, 109, 110, 111, 112, 113, 120, 121, 122, 123, 124], "summary": {"covered_lines": 30, "num_statements": 33, "percent_covered": 89.83050847457628, "percent_covered_display": "90", "missing_lines": 3, "excluded_lines": 0, "percent_statements_covered": 90.9090909090909, "percent_statements_covered_display": "91", "num_branches": 26, "num_partial_branches": 3, "covered_branches": 23, "missing_branches": 3, "percent_branches_covered": 88.46153846153847, "percent_branches_covered_display": "88"}, "missing_lines": [83, 102, 119], "excluded_lines": [], "start_line": 78, "executed_branches": [[82, 92], [95, 96], [95, 98], [96, 95], [96, 97], [98, 99], [98, 101], [99, 98], [99, 100], [101, 103], [103, 104], [103, 105], [105, 108], [105, 109], [110, 111], [110, 112], [112, 113], [112, 120], [113, 112], [120, 121], [120, 122], [122, 123], [122, 124]], "missing_branches": [[82, 83], [101, 102], [113, 119]]}, "KnowledgeReplies.__init__": {"executed_lines": [143, 144, 145, 146, 147, 148, 150, 151, 152, 153, 154, 155, 157, 158], "summary": {"covered_lines": 14, "num_statements": 17, "percent_covered": 79.3103448275862, "percent_covered_display": "79", "missing_lines": 3, "excluded_lines": 0, "percent_statements_covered": 82.3529411764706, "percent_statements_covered_display": "82", "num_branches": 12, "num_partial_branches": 3, "covered_branches": 9, "missing_branches": 3, "percent_branches_covered": 75.0, "percent_branches_covered_display": "75"}, "missing_lines": [149, 156, 159], "excluded_lines": [], "start_line": 142, "executed_branches": [[148, 150], [151, 152], [151, 157], [152, 153], [152, 154], [155, -142], [157, -142], [157, 158], [158, -142]], "missing_branches": [[148, 149], [155, 156], [158, 159]]}, "KnowledgeReplies.generate": {"executed_lines": [162, 163, 164, 165, 166, 167, 174, 175, 177, 185, 186, 187, 188, 191, 192, 193, 194, 195, 196, 197, 198, 201, 202, 203, 204, 206, 207, 225, 226, 227, 228, 229, 230, 234, 237, 238, 244, 257], "summary": {"covered_lines": 38, "num_statements": 38, "percent_covered": 100.0, "percent_covered_display": "100", "missing_lines": 0, "excluded_lines": 0, "percent_statements_covered": 100.0, "percent_statements_covered_display": "100", "num_branches": 20, "num_partial_branches": 0, "covered_branches": 20, "missing_branches": 0, "percent_branches_covered": 100.0, "percent_branches_covered_display": "100"}, "missing_lines": [], "excluded_lines": [], "start_line": 161, "executed_branches": [[167, 174], [167, 177], [186, 187], [186, 188], [188, 191], [188, 192], [192, 193], [192, 194], [194, 195], [194, 196], [196, 197], [196, 198], [198, 201], [198, 202], [202, 203], [202, 206], [230, 234], [230, 237], [237, 238], [237, 244]], "missing_branches": []}, "KnowledgeReplies.finalize": {"executed_lines": [260, 261, 262, 263, 264, 267, 274, 276, 277, 278, 279, 281, 282, 286, 290, 297], "summary": {"covered_lines": 16, "num_statements": 19, "percent_covered": 82.6086956521739, "percent_covered_display": "83", "missing_lines": 3, "excluded_lines": 0, "percent_statements_covered": 84.21052631578948, "percent_statements_covered_display": "84", "num_branches": 4, "num_partial_branches": 1, "covered_branches": 3, "missing_branches": 1, "percent_branches_covered": 75.0, "percent_branches_covered_display": "75"}, "missing_lines": [265, 266, 275], "excluded_lines": [], "start_line": 259, "executed_branches": [[274, 276], [277, 278], [277, 281]], "missing_branches": [[274, 275]]}, "": {"executed_lines": [3, 4, 5, 6, 7, 8, 10, 12, 13, 14, 15, 17, 18, 24, 27, 30, 35, 49, 59, 78, 141, 142, 161, 259], "summary": {"covered_lines": 24, "num_statements": 24, "percent_covered": 100.0, "percent_covered_display": "100", "missing_lines": 0, "excluded_lines": 0, "percent_statements_covered": 100.0, "percent_statements_covered_display": "100", "num_branches": 0, "num_partial_branches": 0, "covered_branches": 0, "missing_branches": 0, "percent_branches_covered": 100.0, "percent_branches_covered_display": "100"}, "missing_lines": [], "excluded_lines": [], "start_line": 1, "executed_branches": [], "missing_branches": []}}, "classes": {"KnowledgeReplies": {"executed_lines": [143, 144, 145, 146, 147, 148, 150, 151, 152, 153, 154, 155, 157, 158, 162, 163, 164, 165, 166, 167, 174, 175, 177, 185, 186, 187, 188, 191, 192, 193, 194, 195, 196, 197, 198, 201, 202, 203, 204, 206, 207, 225, 226, 227, 228, 229, 230, 234, 237, 238, 244, 257, 260, 261, 262, 263, 264, 267, 274, 276, 277, 278, 279, 281, 282, 286, 290, 297], "summary": {"covered_lines": 68, "num_statements": 74, "percent_covered": 90.9090909090909, "percent_covered_display": "91", "missing_lines": 6, "excluded_lines": 0, "percent_statements_covered": 91.89189189189189, "percent_statements_covered_display": "92", "num_branches": 36, "num_partial_branches": 4, "covered_branches": 32, "missing_branches": 4, "percent_branches_covered": 88.88888888888889, "percent_branches_covered_display": "89"}, "missing_lines": [149, 156, 159, 265, 266, 275], "excluded_lines": [], "start_line": 141, "executed_branches": [[148, 150], [151, 152], [151, 157], [152, 153], [152, 154], [155, -142], [157, -142], [157, 158], [158, -142], [167, 174], [167, 177], [186, 187], [186, 188], [188, 191], [188, 192], [192, 193], [192, 194], [194, 195], [194, 196], [196, 197], [196, 198], [198, 201], [198, 202], [202, 203], [202, 206], [230, 234], [230, 237],
[...]
"num_partial_branches": 0, "covered_branches": 2, "missing_branches": 0, "percent_branches_covered": 100.0, "percent_branches_covered_display": "100"}, "missing_lines": [], "excluded_lines": [], "start_line": 154, "executed_branches": [[155, 156], [155, 159]], "missing_branches": []}, "": {"executed_lines": [1, 2, 3, 4, 5, 7, 9, 10, 13, 17, 18, 51, 68, 115, 154], "summary": {"covered_lines": 15, "num_statements": 15, "percent_covered": 100.0, "percent_covered_display": "100", "missing_lines": 0, "excluded_lines": 0, "percent_statements_covered": 100.0, "percent_statements_covered_display": "100", "num_branches": 0, "num_partial_branches": 0, "covered_branches": 0, "missing_branches": 0, "percent_branches_covered": 100.0, "percent_branches_covered_display": "100"}, "missing_lines": [], "excluded_lines": [], "start_line": 1, "executed_branches": [], "missing_branches": []}}, "classes": {"Replies": {"executed_lines": [21, 22, 23, 24, 25, 26, 27, 28, 29, 37, 38, 39, 40, 41, 42, 43, 44, 45, 46, 47, 48, 49, 52, 53, 54, 55, 58, 59, 60, 61, 62, 63, 64, 65, 66, 69, 70, 73, 79, 82, 88, 89, 90, 91, 92, 93, 94, 95, 96, 97, 103, 104, 105, 106, 107, 108, 109, 110, 111, 113, 116, 117, 118, 139, 140, 141, 142, 143, 144, 145, 146, 148, 149, 151], "summary": {"covered_lines": 74, "num_statements": 76, "percent_covered": 96.82539682539682, "percent_covered_display": "97", "missing_lines": 2, "excluded_lines": 0, "percent_statements_covered": 97.36842105263158, "percent_statements_covered_display": "97", "num_branches": 50, "num_partial_branches": 2, "covered_branches": 48, "missing_branches": 2, "percent_branches_covered": 96.0, "percent_branches_covered_display": "96"}, "missing_lines": [112, 147], "excluded_lines": [], "start_line": 17, "executed_branches": [[26, 27], [26, 44], [28, 29], [28, 44], [29, 37], [29, 38], [38, 39], [38, 40], [40, 28], [40, 41], [41, 42], [41, 43], [44, -18], [44, 45], [45, 46], [45, 47], [48, -18], [48, 49], [53, 54], [53, 55], [55, 58], [55, 59], [59, 60], [59, 61], [62, 63], [62, 64], [64, 65], [64, 66], [90, 91], [90, 96], [92, 93], [92, 94], [94, 90], [94, 95], [97, 103], [97, 104], [104, 105], [104, 106], [107, 108], [107, 109], [109, 110], [109, 111], [111, 113], [142, 143], [142, 144], [144, 145], [144, 146], [146, 148]], "missing_branches": [[111, 112], [146, 147]]}, "": {"executed_lines": [1, 2, 3, 4, 5, 7, 9, 10, 13, 14, 17, 18, 51, 68, 115, 154, 155, 156, 158, 159], "summary": {"covered_lines": 20, "num_statements": 20, "percent_covered": 100.0, "percent_covered_display": "100", "missing_lines": 0, "excluded_lines": 0, "percent_statements_covered": 100.0, "percent_statements_covered_display": "100", "num_branches": 2, "num_partial_branches": 0, "covered_branches": 2, "missing_branches": 0, "percent_branches_covered": 100.0, "percent_branches_covered_display": "100"}, "missing_lines": [], "excluded_lines": [], "start_line": 1, "executed_branches": [[155, 156], [155, 159]], "missing_branches": []}}}, "src/wechat_cs/storage.py": {"executed_lines": [1, 2, 3, 4, 5, 6, 8, 11, 12, 13, 14, 15, 16, 17, 18, 46, 47, 48, 49, 50, 51, 52, 53, 54, 56, 57, 58, 63, 64, 65, 67, 68, 69, 70, 71, 72, 76, 80, 84, 88, 101, 103, 106, 107, 108, 114, 115, 118, 119, 120, 121, 134, 135, 136, 137, 151, 152, 154, 155, 156, 157, 158, 159, 160, 165, 166, 167, 168, 169, 170, 171, 173, 174, 186, 190, 192, 193, 195, 196, 197, 198, 199, 201, 202, 203, 204, 207, 208, 209, 213, 218, 221, 222, 224, 225, 226, 227, 228, 229, 232, 234, 235, 236, 237, 238, 239, 242, 244, 245, 246, 247, 248, 249, 254, 255, 258, 260, 261, 265, 266, 267, 268, 269, 270, 275, 279, 280, 281, 282, 285, 286, 289, 292, 293, 297, 298, 300, 301, 302, 303, 313, 315, 316, 322, 324, 325, 333, 334, 337, 341, 342, 344, 345], "summary": {"covered_lines": 153, "num_statements": 154, "percent_covered": 98.48484848484848, "percent_covered_display": "98", "missing_lines": 1, "excluded_lines": 0, "percent_statements_covered": 99.35064935064935, "percent_statements_covered_display": "99", "num_branches": 44, "num_partial_branches": 2, "covered_branches": 42, "missing_branches": 2, "percent_branches_covered": 95.45454545454545, "percent_branches_covered_display": "95"}, "missing_lines": [205], "excluded_lines": [], "executed_branches": [[14, 15], [70, 71], [70, 72], [108, 114], [108, 115], [118, 119], [118, 121], [134, 135], [134, 136], [158, 159], [158, 160], [160, 165], [160, 166], [166, 167], [166, 168], [168, 169], [168, 170], [170, 171], [170, 173], [197, 198], [197, 199], [204, 207], [207, 208], [207, 209], [227, 228], [227, 229], [237, 238], [237, 239], [247, 248], [247, 249], [249, 254], [249, 255], [268, 269], [268, 270], [270, 275], [270, 280], [281, 282], [281, 286], [289, 292], [289, 293], [333, 334], [333, 341]], "missing_branches": [[14, 16], [204, 205]], "functions": {"Store.__init__": {"executed_lines": [13, 14, 15, 16, 17, 18], "summary": {"covered_lines": 6, "num_statements": 6, "percent_covered": 87.5, "percent_covered_display": "88", "missing_lines": 0, "excluded_lines": 0, "percent_statements_covered": 100.0, "percent_statements_covered_display": "100", "num_branches": 2, "num_partial_branches": 1, "covered_branches": 1, "missing_branches": 1, "percent_branches_covered": 50.0, "percent_branches_covered_display": "50"}, "missing_lines": [], "excluded_lines": [], "start_line": 12, "executed_branches": [[14, 15]], "missing_branches": [[14, 16]]}, "Store.transaction": {"executed_lines": [48, 49, 50, 51, 52, 53, 54], "summary": {"covered_lines": 7, "num_statements": 7, "percent_covered": 100.0, "percent_covered_display": "100", "missing_lines": 0, "excluded_lines": 0, "percent_statements_covered": 100.0, "percent_statements_covered_display": "100", "num_branches": 0, "num_partial_branches": 0, "covered_branches": 0, "missing_branches": 0, "percent_branches_covered": 100.0, "percent_branches_covered_display": "100"}, "missing_lines": [], "excluded_lines": [], "start_line": 47, "executed_branches": [], "missing_branches": []}, "Store.audit": {"executed_lines": [57, 58], "summary": {"covered_lines": 2, "num_statements": 2, "percent_covered": 100.0, "percent_covered_display": "100", "missing_lines": 0, "excluded_lines": 0, "percent_statements_covered": 100.0, "percent_statements_covered_display": "100", "num_branches": 0, "num_partial_branches": 0, "covered_branches": 0, "missing_branches": 0, "percent_branches_covered": 100.0, "percent_branches_covered_display": "100"}, "missing_lines": [], "excluded_lines": [], "start_line": 56, "executed_branches": [], "missing_branches": []}, "Store.state": {"executed_lines": [64, 65], "summary": {"covered_lines": 2, "num_statements": 2, "percent_covered": 100.0, "percent_covered_display": "100", "missing_lines": 0, "excluded_lines": 0, "percent_statements_covered": 100.0, "percent_statements_covered_display": "100", "num_branches": 0, "num_partial_branches": 0, "covered_branches": 0, "missing_branches": 0, "percent_branches_covered": 100.0, "percent_branches_covered_display": "100"}, "missing_lines": [], "excluded_lines": [], "start_line": 63, "executed_branches": [], "missing_branches": []}, "Store.start": {"executed_lines": [68, 69, 70, 71, 72, 76, 80, 84, 88, 101], "summary": {"covered_lines": 10, "num_statements": 10, "percent_covered": 100.0, "percent_covered_display": "100", "missing_lines": 0, "excluded_lines": 0, "percent_statements_covered": 100.0, "percent_statements_covered_display": "100", "num_branches": 2, "num_partial_branches": 0, "covered_branches": 2, "missing_branches": 0, "percent_branches_covered": 100.0, "percent_branches_covered_display": "100"}, "missing_lines": [], "excluded_lines": [], "start_line": 67, "executed_branches": [[70, 71], [70, 72]], "missing_branches": []}, "Store.accept": {"executed_lines": [106, 107, 108, 114, 115, 118, 119, 120, 121, 134, 135, 136, 137, 151, 152], "summary": {"covered_lines": 15, "num_statements": 15, "percent_covered": 100.0, "percent_covered_display": "100", "missing_lines": 0, "excluded_lines": 0, "percent_statements_covered": 100.0, "percent_statements_covered_display": "100", "num_branches": 6, "num_partial_branches": 0, "covered_branches": 6, "missing_branches": 0, "percent_branches_covered": 100.0, "percent_branches_covered_display": "100"}, "missing_lines": [], "excluded_lines": [], "start_line": 103, "executed_branches": [[108, 114], [108, 115], [118, 119], [118, 121], [134, 135], [134, 136]], "missing_branches": []}, "Store.finish_draft": {"executed_lines": [155, 156, 157, 158, 159, 160, 165, 166, 167, 168, 169, 170, 171, 173, 174, 186, 190], "summary": {"covered_lines": 17, "num_statements": 17, "percent_covered": 100.0, "percent_covered_display": "100", "missing_lines": 0, "excluded_lines": 0, "percent_statements_covered": 100.0, "percent_statements_covered_display": "100", "num_branches": 10, "num_partial_branches": 0, "covered_branches": 10, "missing_branches": 0, "percent_branches_covered": 100.0, "percent_branches_covered_display": "100"}, "missing_lines": [], "excluded_lines": [], "start_line": 154, "executed_branches": [[158, 159], [158, 160], [160, 165], [160, 166], [166, 167], [166, 168], [168, 169], [168, 170], [170, 171], [170, 173]], "missing_branches": []}, "Store.tasks": {"executed_lines": [193], "summary": {"covered_lines": 1, "num_statements": 1, "percent_covered": 100.0, "percent_covered_display": "100", "missing_lines": 0, "excluded_lines": 0, "percent_statements_covered": 100.0, "percent_statements_covered_display": "100", "num_branches": 0, "num_partial_branches": 0, "covered_branches": 0, "missing_branches": 0, "percent_branches_covered": 100.0, "percent_branches_covered_display": "100"}, "missing_lines": [], "excluded_lines": [], "start_line": 192, "executed_branches": [], "missing_branches": []}, "Store.task": {"executed_lines": [196, 197, 198, 199], "summary": {"covered_lines": 4, "num_statements": 4, "percent_covered": 100.0, "percent_covered_display": "100", "missing_lines": 0, "excluded_lines": 0, "percent_statements_covered": 100.0, "percent_statements_covered_display": "100", "num_branches": 2, "num_partial_branches": 0, "covered_branches": 2, "missing_branches": 0, "percent_branches_covered": 100.0, "percent_branches_covered_display": "100"}, "missing_lines": [], "excluded_lines": [], "start_line": 195, "executed_branches": [[197, 198], [197, 199]], "missing_branches": []}, "Store.pause": {"executed_lines": [202, 203, 204, 207, 208, 209, 213, 218, 221, 222], "summary": {"covered_lines": 10, "num_statements": 11, "percent_covered": 86.66666666666667, "percent_covered_display": "87", "missing_lines": 1, "excluded_lines": 0, "percent_statements_covered": 90.9090909090909, "percent_statements_covered_display": "91", "num_branches": 4, "num_partial_branches": 1, "covered_branches": 3, "missing_branches": 1, "percent_branches_covered": 75.0, "percent_branches_covered_display": "75"}, "missing_lines": [205], "excluded_lines": [], "start_line": 201, "executed_branches": [[204, 207], [207, 208], [207, 209]], "missing_branches": [[204, 205]]}, "Store.resume": {"executed_lines": [225, 226, 227, 228, 229, 232], "summary": {"covered_lines": 6, "num_statements": 6, "percent_covered": 100.0, "percent_covered_display": "100", "missing_lines": 0, "excluded_lines": 0, "percent_statements_covered": 100.0, "percent_statements_covered_display": "100", "num_branches": 2, "num_partial_branches": 0, "covered_branches": 2, "missing_branches": 0, "percent_branches_covered": 100.0, "percent_branches_covered_display": "100"}, "missing_lines": [], "excluded_lines": [], "start_line": 224, "executed_branches": [[227, 228], [227, 229]], "missing_branches": []}, "Store.rebind": {"executed_lines": [235, 236, 237, 238, 239, 242], "summary": {"covered_lines": 6, "num_statements": 6, "percent_covered": 100.0, "percent_covered_display": "100", "missing_lines": 0, "excluded_lines": 0, "percent_statements_covered": 100.0, "percent_statements_covered_display": "100", "num_branches": 2, "num_partial_branches": 0, "covered_branches": 2, "missing_branches": 0, "percent_branches_covered": 100.0, "percent_branches_covered_display": "100"}, "missing_lines": [], "excluded_lines": [], "start_line": 234, "executed_branches": [[237, 238], [237, 239]], "missing_branches": []}, "Store.approve": {"executed_lines": [245, 246, 247, 248, 249, 254, 255, 258], "summary": {"covered_lines": 8, "num_statements": 8, "percent_covered": 100.0, "percent_covered_display": "100", "missing_lines": 0, "excluded_lines": 0, "percent_statements_covered": 100.0, "percent_statements_covered_display": "100", "num_branches": 4, "num_partial_branches": 0, "covered_branches": 4, "missing_branches": 0, "percent_branches_covered": 100.0, "percent_branches_covered_display": "100"}, "missing_lines": [], "excluded_lines": [], "start_line": 244, "executed_branches": [[247, 248], [247, 249], [249, 254], [249, 255]], "missing_branches": []}, "Store.attempts": {"executed_lines": [261], "summary": {"covered_lines": 1, "num_statements": 1, "percent_covered": 100.0, "percent_covered_display": "100", "missing_lines": 0, "excluded_lines": 0, "percent_statements_covered": 100.0, "percent_statements_covered_display": "100", "num_branches": 0, "num_partial_branches": 0, "covered_branches": 0, "missing_branches": 0, "percent_branches_covered": 100.0, "percent_branches_covered_display": "100"}, "missing_lines": [], "excluded_lines": [], "start_line": 260, "executed_branches": [], "missing_branches": []}, "Store.claim": {"executed_lines": [266, 267, 268, 269, 270, 275, 279, 280, 281, 282, 285, 286, 289, 292, 293, 297, 298], "summary": {"covered_lines": 17, "num_statements": 17, "percent_covered": 100.0, "percent_covered_display": "100", "missing_lines": 0, "excluded_lines": 0, "percent_statements_covered": 100.0, "percent_statements_covered_display": "100", "num_branches": 8, "num_partial_branches": 0, "covered_branches": 8, "missing_branches": 0, "percent_branches_covered": 100.0, "percent_branches_covered_display": "100"}, "missing_lines": [], "excluded_lines": [], "start_line": 265, "executed_branches": [[268, 269], [268, 270], [270, 275], [270, 280], [281, 282], [281, 286], [289, 292], [289, 293]], "missing_branches": []}, "Store.result": {"executed_lines": [301, 302, 303, 313], "summary": {"covered_lines": 4, "num_statements": 4, "percent_covered": 100.0, "percent_covered_display": "100", "missing_lines": 0, "excluded_lines": 0, "percent_statements_covered": 100.0, "percent_statements_covered_display": "100", "num_branches": 0, "num_partial_branches": 0, "covered_branches": 0, "missing_branches": 0, "percent_branches_covered": 100.0, "percent_branches_covered_display": "100"}, "missing_lines": [], "excluded_lines": [], "start_line": 300, "executed_branches": [], "missing_branches": []}, "Store.expire": {"executed_lines": [316], "summary": {"covered_lines": 1, "num_statements": 1, "percent_covered": 100.0, "percent_covered_display": "100", "missing_lines": 0, "excluded_lines": 0, "percent_statements_covered": 100.0, "percent_statements_covered_display": "100", "num_branches": 0, "num_partial_branches": 0, "covered_branches": 0, "missing_branches": 0, "percent_branches_covered": 100.0, "percent_branches_covered_display": "100"}, "missing_lines": [], "excluded_lines": [], "start_line": 315, "executed_branches": [], "missing_branches": []}, "Store.cleanup": {"executed_lines": [324, 325, 333, 334, 337, 341, 342], "summary": {"covered_lines": 7, "num_statements": 7, "percent_covered": 100.0, "percent_covered_display": "100", "missing_lines": 0, "excluded_lines": 0, "percent_statements_covered": 100.0, "percent_statements_covered_display": "100", "num_branches": 2, "num_partial_branches": 0, "covered_branches": 2, "missing_branches": 0, "percent_branches_covered": 100.0, "percent_branches_covered_display": "100"}, "missing_lines": [], "excluded_lines": [], "start_line": 322, "executed_branches": [[333, 334], [333, 341]], "missing_branches": []}, "Store.close": {"executed_lines": [345], "summary": {"covered_lines": 1, "num_statements": 1, "percent_covered": 100.0, "percent_covered_display": "100", "missing_lines": 0, "excluded_lines": 0, "percent_statements_covered": 100.0, "percent_statements_covered_display": "100", "num_branches": 0, "num_partial_branches": 0, "covered_branches": 0, "missing_branches": 0, "percent_branches_covered": 100.0, "percent_branches_covered_display": "100"}, "missing_lines": [], "excluded_lines": [], "start_line": 344, "executed_branches": [], "missing_branches": []}, "": {"executed_lines": [1, 2, 3, 4, 5, 6, 8, 11, 12, 46, 47, 56, 63, 67, 103, 154, 192, 195, 201, 224, 234, 244, 260, 265, 300, 315, 322, 344], "summary": {"covered_lines": 28, "num_statements": 28, "percent_covered": 100.0, "percent_covered_display": "100", "missing_lines": 0, "excluded_lines": 0, "percent_statements_covered": 100.0, "percent_statements_covered_display": "100", "num_branches": 0, "num_partial_branches": 0, "covered_branches": 0, "missing_branches": 0, "percent_branches_covered": 100.0, "percent_branches_covered_display": "100"}, "missing_lines": [], "excluded_lines": [], "start_line": 1, "executed_branches": [], "missing_branches": []}}, "classes": {"Store": {"executed_lines": [13, 14, 15, 16, 17, 18, 48, 49, 50, 51, 52, 53, 54, 57, 58, 64, 65, 68, 69, 70, 71, 72, 76, 80, 84, 88, 101, 106, 107, 108, 114, 115, 118, 119, 120, 121, 134, 135, 136, 137, 151, 152, 155, 156, 157, 158, 159, 160, 165, 166, 167, 168, 169, 170, 171, 173, 174, 186, 190, 193, 196, 197, 198, 199, 202, 203, 204, 207, 208, 209, 213, 218, 221, 222, 225, 226, 227, 228, 229, 232, 235, 236, 237, 238, 239, 242, 245, 246, 247, 248, 249, 254, 255, 258, 261, 266, 267, 268, 269, 270, 275, 279, 280, 281, 282, 285, 286, 289, 292, 293, 297, 298, 301, 302, 303, 313, 316, 324, 325, 333, 334, 337, 341, 342, 345], "summary": {"covered_lines": 125, "num_statements": 126, "percent_covered": 98.23529411764706, "percent_covered_display": "98", "missing_lines": 1, "excluded_lines": 0, "percent_statements_covered": 99.2063492063492, "percent_statements_covered_display": "99", "num_branches": 44, "num_partial_branches": 2, "covered_branches": 42, "missing_branches": 2, "percent_branches_covered": 95.45454545454545, "percent_branches_covered_display": "95"}, "missing_lines": [205], "excluded_lines": [], "start_line": 11, "executed_branches": [[14, 15], [70, 71], [70, 72], [108, 114], [108, 115], [118, 119], [118, 121], [134, 135], [134, 136], [158, 159], [158, 160], [160, 165], [160, 166], [166, 167], [166, 168], [168, 169], [168, 170], [170, 171], [170, 173], [197, 198], [197, 199], [204, 207], [207, 208], [207, 209], [227, 228], [227, 229], [237, 238], [237, 239], [247, 248], [247, 249], [249, 254], [249, 255], [268, 269], [268, 270], [270, 275], [270, 280], [281, 282], [281, 286], [289, 292], [289, 293], [333, 334], [333, 341]], "missing_branches": [[14, 16], [204, 205]]}, "": {"executed_lines": [1, 2, 3, 4, 5, 6, 8, 11, 12, 46, 47, 56, 63, 67, 103, 154, 192, 195, 201, 224, 234, 244, 260, 265, 300, 315, 322, 344], "summary": {"covered_lines": 28, "num_statements": 28, "percent_covered": 100.0, "percent_covered_display": "100", "missing_lines": 0, "excluded_lines": 0, "percent_statements_covered": 100.0, "percent_statements_covered_display": "100", "num_branches": 0, "num_partial_branches": 0, "covered_branches": 0, "missing_branches": 0, "percent_branches_covered": 100.0, "percent_branches_covered_display": "100"}, "missing_lines": [], "excluded_lines": [], "start_line": 1, "executed_branches": [], "missing_branches": []}}}}, "totals": {"covered_lines": 1424, "num_statements": 1492, "percent_covered": 93.92614188532556, "percent_covered_display": "94", "missing_lines": 68, "excluded_lines": 6, "percent_statements_covered": 95.44235924932975, "percent_statements_covered_display": "95", "num_branches": 566, "num_partial_branches": 51, "covered_branches": 509, "missing_branches": 57, "percent_branches_covered": 89.92932862190813, "percent_branches_covered_display": "90"}}