{"meta": {"format": 3, "version": "7.16.1", "timestamp": "2026-09-21T14:08:44.596772", "branch_coverage": true, "show_contexts": false}, "files": {"src/wechat_cs/delta.py": {"executed_lines": [1, 4, 5, 8, 9, 10, 11, 13, 14, 15, 17, 18, 19, 20, 21, 22, 23, 24, 26, 27, 28, 29, 32, 36, 37, 38, 39, 40, 41, 43, 44, 45, 46, 47], "summary": {"covered_lines": 34, "num_statements": 35, "percent_covered": 95.74468085106383, "percent_covered_display": "96", "missing_lines": 1, "excluded_lines": 0, "percent_statements_covered": 97.14285714285714, "percent_statements_covered_display": "97", "num_branches": 12, "num_partial_branches": 1, "covered_branches": 11, "missing_branches": 1, "percent_branches_covered": 91.66666666666667, "percent_branches_covered_display": "92"}, "missing_lines": [25], "excluded_lines": [], "executed_branches": [[19, 20], [19, 21], [22, 23], [22, 24], [24, 26], [28, 29], [28, 32], [36, 37], [36, 38], [39, 40], [39, 41]], "missing_branches": [[24, 25]], "functions": {"Delta.__init__": {"executed_lines": [10, 11], "summary": {"covered_lines": 2, "num_statements": 2, "percent_covered": 100.0, "percent_covered_display": "100", "missing_lines": 0, "excluded_lines": 0, "percent_statements_covered": 100.0, "percent_statements_covered_display": "100", "num_branches": 0, "num_partial_branches": 0, "covered_branches": 0, "missing_branches": 0, "percent_branches_covered": 100.0, "percent_branches_covered_display": "100"}, "missing_lines": [], "excluded_lines": [], "start_line": 9, "executed_branches": [], "missing_branches": []}, "Delta.reset": {"executed_lines": [14, 15], "summary": {"covered_lines": 2, "num_statements": 2, "percent_covered": 100.0, "percent_covered_display": "100", "missing_lines": 0, "excluded_lines": 0, "percent_statements_covered": 100.0, "percent_statements_covered_display": "100", "num_branches": 0, "num_partial_branches": 0, "covered_branches": 0, "missing_branches": 0, "percent_branches_covered": 100.0, "percent_branches_covered_display": "100"}, "missing_lines": [], "excluded_lines": [], "start_line": 13, "executed_branches": [], "missing_branches": []}, "Delta.check": {"executed_lines": [18, 19, 20, 21, 22, 23, 24, 26, 27, 28, 29, 32, 36, 37, 38, 39, 40, 41], "summary": {"covered_lines": 18, "num_statements": 19, "percent_covered": 93.54838709677419, "percent_covered_display": "94", "missing_lines": 1, "excluded_lines": 0, "percent_statements_covered": 94.73684210526316, "percent_statements_covered_display": "95", "num_branches": 12, "num_partial_branches": 1, "covered_branches": 11, "missing_branches": 1, "percent_branches_covered": 91.66666666666667, "percent_branches_covered_display": "92"}, "missing_lines": [25], "excluded_lines": [], "start_line": 17, "executed_branches": [[19, 20], [19, 21], [22, 23], [22, 24], [24, 26], [28, 29], [28, 32], [36, 37], [36, 38], [39, 40], [39, 41]], "missing_branches": [[24, 25]]}, "Delta.update": {"executed_lines": [44, 45, 46, 47], "summary": {"covered_lines": 4, "num_statements": 4, "percent_covered": 100.0, "percent_covered_display": "100", "missing_lines": 0, "excluded_lines": 0, "percent_statements_covered": 100.0, "percent_statements_covered_display": "100", "num_branches": 0, "num_partial_branches": 0, "covered_branches": 0, "missing_branches": 0, "percent_branches_covered": 100.0, "percent_branches_covered_display": "100"}, "missing_lines": [], "excluded_lines": [], "start_line": 43, "executed_branches": [], "missing_branches": []}, "": {"executed_lines": [1, 4, 5, 8, 9, 13, 17, 43], "summary": {"covered_lines": 8, "num_statements": 8, "percent_covered": 100.0, "percent_covered_display": "100", "missing_lines": 0, "excluded_lines": 0, "percent_statements_covered": 100.0, "percent_statements_covered_display": "100", "num_branches": 0, "num_partial_branches": 0, "covered_branches": 0, "missing_branches": 0, "percent_branches_covered": 100.0, "percent_branches_covered_display": "100"}, "missing_lines": [], "excluded_lines": [], "start_line": 1, "executed_branches": [], "missing_branches": []}}, "classes": {"GapError": {"executed_lines": [], "summary": {"covered_lines": 0, "num_statements": 0, "percent_covered": 100.0, "percent_covered_display": "100", "missing_lines": 0, "excluded_lines": 0, "percent_statements_covered": 100.0, "percent_statements_covered_display": "100", "num_branches": 0, "num_partial_branches": 0, "covered_branches": 0, "missing_branches": 0, "percent_branches_covered": 100.0, "percent_branches_covered_display": "100"}, "missing_lines": [], "excluded_lines": [], "start_line": 4, "executed_branches": [], "missing_branches": []}, "Delta": {"executed_lines": [10, 11, 14, 15, 18, 19, 20, 21, 22, 23, 24, 26, 27, 28, 29, 32, 36, 37, 38, 39, 40, 41, 44, 45, 46, 47], "summary": {"covered_lines": 26, "num_statements": 27, "percent_covered": 94.87179487179488, "percent_covered_display": "95", "missing_lines": 1, "excluded_lines": 0, "percent_statements_covered": 96.29629629629629, "percent_statements_covered_display": "96", "num_branches": 12, "num_partial_branches": 1, "covered_branches": 11, "missing_branches": 1, "percent_branches_covered": 91.66666666666667, "percent_branches_covered_display": "92"}, "missing_lines": [25], "excluded_lines": [], "start_line": 8, "executed_branches": [[19, 20], [19, 21], [22, 23], [22, 24], [24, 26], [28, 29], [28, 32], [36, 37], [36, 38], [39, 40], [39, 41]], "missing_branches": [[24, 25]]}, "": {"executed_lines": [1, 4, 5, 8, 9, 13, 17, 43], "summary": {"covered_lines": 8, "num_statements": 8, "percent_covered": 100.0, "percent_covered_display": "100", "missing_lines": 0, "excluded_lines": 0, "percent_statements_covered": 100.0, "percent_statements_covered_display": "100", "num_branches": 0, "num_partial_branches": 0, "covered_branches": 0, "missing_branches": 0, "percent_branches_covered": 100.0, "percent_branches_covered_display": "100"}, "missing_lines": [], "excluded_lines": [], "start_line": 1, "executed_branches": [], "missing_branches": []}}}, "src/wechat_cs/engine.py": {"executed_lines": [1, 2, 3, 4, 6, 7, 8, 9, 10, 11, 14, 15, 27, 28, 29, 30, 31, 34, 35, 36, 37, 38, 39, 40, 41, 42, 44, 45, 46, 51, 52, 53, 55, 57, 58, 59, 60, 61, 62, 63, 64, 65, 66, 67, 68, 70, 71, 72, 73, 74, 76, 77, 87, 88, 89, 90, 92, 94, 95, 96, 97, 98, 99, 100, 101, 102, 103, 104, 105, 106, 107, 108, 109, 110, 111, 112, 113, 114, 115, 116, 117, 118, 119, 120, 122, 123, 124, 125, 126, 127, 128, 129, 130, 131, 132, 133, 134, 135, 136, 137, 138, 139, 140, 141, 143, 144, 145, 146, 154, 155, 156, 157, 158, 159, 160, 161, 163, 164, 166, 167], "summary": {"covered_lines": 120, "num_statements": 121, "percent_covered": 98.78787878787878, "percent_covered_display": "99", "missing_lines": 1, "excluded_lines": 0, "percent_statements_covered": 99.17355371900827, "percent_statements_covered_display": "99", "num_branches": 44, "num_partial_branches": 1, "covered_branches": 43, "missing_branches": 1, "percent_branches_covered": 97.72727272727273, "percent_branches_covered_display": "98"}, "missing_lines": [165], "excluded_lines": [], "executed_branches": [[46, 51], [46, 52], [52, -44], [52, 53], [72, 73], [72, 74], [87, 88], [87, 89], [89, 90], [89, 92], [95, 96], [95, 97], [98, 99], [98, 104], [101, 102], [101, 104], [102, 101], [102, 103], [113, 114], [113, 116], [114, 115], [114, 116], [116, 117], [116, 120], [117, 116], [117, 118], [124, 125], [124, 126], [126, -122], [126, 127], [127, 128], [127, 129], [129, 130], [129, 131], [138, 139], [138, 140], [140, 141], [140, 143], [143, 144], [143, 145], [159, 126], [159, 160], [164, 166]], "missing_branches": [[164, 165]], "functions": {"Engine.__init__": {"executed_lines": [27, 28, 29, 30, 31, 34, 35, 36, 37, 38, 39, 40, 41, 42], "summary": {"covered_lines": 14, "num_statements": 14, "percent_covered": 100.0, "percent_covered_display": "100", "missing_lines": 0, "excluded_lines": 0, "percent_statements_covered": 100.0, "percent_statements_covered_display": "100", "num_branches": 0, "num_partial_branches": 0, "covered_branches": 0, "missing_branches": 0, "percent_branches_covered": 100.0, "percent_branches_covered_display": "100"}, "missing_lines": [], "excluded_lines": [], "start_line": 15, "executed_branches": [], "missing_branches": []}, "Engine._validate": {"executed_lines": [45, 46, 51, 52, 53], "summary": {"covered_lines": 5, "num_statements": 5, "percent_covered": 100.0, "percent_covered_display": "100", "missing_lines": 0, "excluded_lines": 0, "percent_statements_covered": 100.0, "percent_statements_covered_display": "100", "num_branches": 4, "num_partial_branches": 0, "covered_branches": 4, "missing_branches": 0, "percent_branches_covered": 100.0, "percent_branches_covered_display": "100"}, "missing_lines": [], "excluded_lines": [], "start_line": 44, "executed_branches": [[46, 51], [46, 52], [52, -44], [52, 53]], "missing_branches": []}, "Engine.start": {"executed_lines": [57, 58, 59, 60, 61, 62, 63, 64, 65, 66, 67, 68], "summary": {"covered_lines": 12, "num_statements": 12, "percent_covered": 100.0, "percent_covered_display": "100", "missing_lines": 0, "excluded_lines": 0, "percent_statements_covered": 100.0, "percent_statements_covered_display": "100", "num_branches": 0, "num_partial_branches": 0, "covered_branches": 0, "missing_branches": 0, "percent_branches_covered": 100.0, "percent_branches_covered_display": "100"}, "missing_lines": [], "excluded_lines": [], "start_line": 55, "executed_branches": [], "missing_branches": []}, "Engine.ingest": {"executed_lines": [71, 72, 73, 74, 76, 77, 87, 88, 89, 90, 92], "summary": {"covered_lines": 11, "num_statements": 11, "percent_covered": 100.0, "percent_covered_display": "100", "missing_lines": 0, "excluded_lines": 0, "percent_statements_covered": 100.0, "percent_statements_covered_display": "100", "num_branches": 6, "num_partial_branches": 0, "covered_branches": 6, "missing_branches": 0, "percent_branches_covered": 100.0, "percent_branches_covered_display": "100"}, "missing_lines": [], "excluded_lines": [], "start_line": 70, "executed_branches": [[72, 73], [72, 74], [87, 88], [87, 89], [89, 90], [89, 92]], "missing_branches": []}, "Engine.tick": {"executed_lines": [95, 96, 97, 98, 99, 100, 101, 102, 103, 104, 105, 106, 107, 108, 109, 110, 111, 112, 113, 114, 115, 116, 117, 118, 119, 120], "summary": {"covered_lines": 26, "num_statements": 26, "percent_covered": 100.0, "percent_covered_display": "100", "missing_lines": 0, "excluded_lines": 0, "percent_statements_covered": 100.0, "percent_statements_covered_display": "100", "num_branches": 16, "num_partial_branches": 0, "covered_branches": 16, "missing_branches": 0, "percent_branches_covered": 100.0, "percent_branches_covered_display": "100"}, "missing_lines": [], "excluded_lines": [], "start_line": 94, "executed_branches": [[95, 96], [95, 97], [98, 99], [98, 104], [101, 102], [101, 104], [102, 101], [102, 103], [113, 114], [113, 116], [114, 115], [114, 116], [116, 117], [116, 120], [117, 116], [117, 118]], "missing_branches": []}, "Engine.dispatch": {"executed_lines": [123, 124, 125, 126, 127, 128, 129, 130, 131, 132, 133, 134, 135, 136, 137, 138, 139, 140, 141, 143, 144, 145, 146, 154, 155, 156, 157, 158, 159, 160, 161], "summary": {"covered_lines": 31, "num_statements": 31, "percent_covered": 100.0, "percent_covered_display": "100", "missing_lines": 0, "excluded_lines": 0, "percent_statements_covered": 100.0, "percent_statements_covered_display": "100", "num_branches": 16, "num_partial_branches": 0, "covered_branches": 16, "missing_branches": 0, "percent_branches_covered": 100.0, "percent_branches_covered_display": "100"}, "missing_lines": [], "excluded_lines": [], "start_line": 122, "executed_branches": [[124, 125], [124, 126], [126, -122], [126, 127], [127, 128], [127, 129], [129, 130], [129, 131], [138, 139], [138, 140], [140, 141], [140, 143], [143, 144], [143, 145], [159, 126], [159, 160]], "missing_branches": []}, "Engine.close": {"executed_lines": [164, 166, 167], "summary": {"covered_lines": 3, "num_statements": 4, "percent_covered": 66.66666666666667, "percent_covered_display": "67", "missing_lines": 1, "excluded_lines": 0, "percent_statements_covered": 75.0, "percent_statements_covered_display": "75", "num_branches": 2, "num_partial_branches": 1, "covered_branches": 1, "missing_branches": 1, "percent_branches_covered": 50.0, "percent_branches_covered_display": "50"}, "missing_lines": [165], "excluded_lines": [], "start_line": 163, "executed_branches": [[164, 166]], "missing_branches": [[164, 165]]}, "": {"executed_lines": [1, 2, 3, 4, 6, 7, 8, 9, 10, 11, 14, 15, 44, 55, 70, 94, 122, 163], "summary": {"covered_lines": 18, "num_statements": 18, "percent_covered": 100.0, "percent_covered_display": "100", "missing_lines": 0, "excluded_lines": 0, "percent_statements_covered": 100.0, "percent_statements_covered_display": "100", "num_branches": 0, "num_partial_branches": 0, "covered_branches": 0, "missing_branches": 0, "percent_branches_covered": 100.0, "percent_branches_covered_display": "100"}, "missing_lines": [], "excluded_lines": [], "start_line": 1, "executed_branches": [], "missing_branches": []}}, "classes": {"Engine": {"executed_lines": [27, 28, 29, 30, 31, 34, 35, 36, 37, 38, 39, 40, 41, 42, 45, 46, 51, 52, 53, 57, 58, 59, 60, 61, 62, 63, 64, 65, 66, 67, 68, 71, 72, 73, 74, 76, 77, 87, 88, 89, 90, 92, 95, 96, 97, 98, 99, 100, 101, 102, 103, 104, 105, 106, 107, 108, 109, 110, 111, 112, 113, 114, 115, 116, 117, 118, 119, 120, 123, 124, 125, 126, 127, 128, 129, 130, 131, 132, 133, 134, 135, 136, 137, 138, 139, 140, 141, 143, 144, 145, 146, 154, 155, 156, 157, 158, 159, 160, 161, 164, 166, 167], "summary": {"covered_lines": 102, "num_statements": 103, "percent_covered": 98.63945578231292, "percent_covered_display": "99", "missing_lines": 1, "excluded_lines": 0, "percent_statements_covered": 99.02912621359224, "percent_statements_covered_display": "99", "num_branches": 44, "num_partial_branches": 1, "covered_branches": 43, "missing_branches": 1, "percent_branches_covered": 97.72727272727273, "percent_branches_covered_display": "98"}, "missing_lines": [165], "excluded_lines": [], "start_line": 14, "executed_branches": [[46, 51], [46, 52], [52, -44], [52, 53], [72, 73], [72, 74], [87, 88], [87, 89], [89, 90], [89, 92], [95, 96], [95, 97], [98, 99], [98, 104], [101, 102], [101, 104], [102, 101], [102, 103], [113, 114], [113, 116], [114, 115], [114, 116], [116, 117], [116, 120], [117, 116], [117, 118], [124, 125], [124, 126], [126, -122], [126, 127], [127, 128], [127, 129], [129, 130], [129, 131], [138, 139], [138, 140], [140, 141], [140, 143], [143, 144], [143, 145], [159, 126], [159, 160], [164, 166]], "missing_branches": [[164, 165]]}, "": {"executed_lines": [1, 2, 3, 4, 6, 7, 8, 9, 10, 11, 14, 15, 44, 55, 70, 94, 122, 163], "summary": {"covered_lines": 18, "num_statements": 18, "percent_covered": 100.0, "percent_covered_display": "100", "missing_lines": 0, "excluded_lines": 0, "percent_statements_covered": 100.0, "percent_statements_covered_display": "100", "num_branches": 0, "num_partial_branches": 0, "covered_branches": 0, "missing_branches": 0, "percent_branches_covered": 100.0, "percent_branches_covered_display": "100"}, "missing_lines": [], "excluded_lines": [], "start_line": 1, "executed_branches": [], "missing_branches": []}}}, "src/wechat_cs/policy.py": {"executed_lines": [1, 2, 4, 5, 8, 9, 10, 11, 12, 13, 14, 17, 18, 19, 20, 21, 22, 23, 26, 27, 28, 29, 30, 32], "summary": {"covered_lines": 24, "num_statements": 24, "percent_covered": 100.0, "percent_covered_display": "100", "missing_lines": 0, "excluded_lines": 0, "percent_statements_covered": 100.0, "percent_statements_covered_display": "100", "num_branches": 8, "num_partial_branches": 0, "covered_branches": 8, "missing_branches": 0, "percent_branches_covered": 100.0, "percent_branches_covered_display": "100"}, "missing_lines": [], "excluded_lines": [], "executed_branches": [[18, 19], [18, 20], [20, 21], [20, 22], [27, 28], [27, 29], [29, 30], [29, 32]], "missing_branches": [], "functions": {"question": {"executed_lines": [18, 19, 20, 21, 22, 23], "summary": {"covered_lines": 6, "num_statements": 6, "percent_covered": 100.0, "percent_covered_display": "100", "missing_lines": 0, "excluded_lines": 0, "percent_statements_covered": 100.0, "percent_statements_covered_display": "100", "num_branches": 4, "num_partial_branches": 0, "covered_branches": 4, "missing_branches": 0, "percent_branches_covered": 100.0, "percent_branches_covered_display": "100"}, "missing_lines": [], "excluded_lines": [], "start_line": 17, "executed_branches": [[18, 19], [18, 20], [20, 21], [20, 22]], "missing_branches": []}, "send_gate": {"executed_lines": [27, 28, 29, 30, 32], "summary": {"covered_lines": 5, "num_statements": 5, "percent_covered": 100.0, "percent_covered_display": "100", "missing_lines": 0, "excluded_lines": 0, "percent_statements_covered": 100.0, "percent_statements_covered_display": "100", "num_branches": 4, "num_partial_branches": 0, "covered_branches": 4, "missing_branches": 0, "percent_branches_covered": 100.0, "percent_branches_covered_display": "100"}, "missing_lines": [], "excluded_lines": [], "start_line": 26, "executed_branches": [[27, 28], [27, 29], [29, 30], [29, 32]], "missing_branches": []}, "": {"executed_lines": [1, 2, 4, 5, 8, 9, 10, 11, 12, 13, 14, 17, 26], "summary": {"covered_lines": 13, "num_statements": 13, "percent_covered": 100.0, "percent_covered_display": "100", "missing_lines": 0, "excluded_lines": 0, "percent_statements_covered": 100.0, "percent_statements_covered_display": "100", "num_branches": 0, "num_partial_branches": 0, "covered_branches": 0, "missing_branches": 0, "percent_branches_covered": 100.0, "percent_branches_covered_display": "100"}, "missing_lines": [], "excluded_lines": [], "start_line": 1, "executed_branches": [], "missing_branches": []}}, "classes": {"Authorization": {"executed_lines": [], "summary": {"covered_lines": 0, "num_statements": 0, "percent_covered": 100.0, "percent_covered_display": "100", "missing_lines": 0, "excluded_lines": 0, "percent_statements_covered": 100.0, "percent_statements_covered_display": "100", "num_branches": 0, "num_partial_branches": 0, "covered_branches": 0, "missing_branches": 0, "percent_branches_covered": 100.0, "percent_branches_covered_display": "100"}, "missing_lines": [], "excluded_lines": [], "start_line": 9, "executed_branches": [], "missing_branches": []}, "": {"executed_lines": [1, 2, 4, 5, 8, 9, 10, 11, 12, 13, 14, 17, 18, 19, 20, 21, 22, 23, 26, 27, 28, 29, 30, 32], "summary": {"covered_lines": 24, "num_statements": 24, "percent_covered": 100.0, "percent_covered_display": "100", "missing_lines": 0, "excluded_lines": 0, "percent_statements_covered": 100.0, "percent_statements_covered_display": "100", "num_branches": 8, "num_partial_branches": 0, "covered_branches": 8, "missing_branches": 0, "percent_branches_covered": 100.0, "percent_branches_covered_display": "100"}, "missing_lines": [], "excluded_lines": [], "start_line": 1, "executed_branches": [[18, 19], [18, 20], [20, 21], [20, 22], [27, 28], [27, 29], [29, 30], [29, 32]], "missing_branches": []}}}, "src/wechat_cs/replies.py": {"executed_lines": [1, 2, 3, 4, 5, 7, 9, 10, 13, 14, 17, 18, 21, 22, 23, 24, 25, 26, 27, 28, 29, 37, 38, 39, 40, 41, 42, 43, 44, 45, 46, 47, 48, 49, 51, 52, 53, 54, 55, 58, 59, 60, 61, 62, 63, 64, 65, 66, 68, 69, 70, 71, 92, 93, 99, 102, 108, 109, 110, 111, 112, 113, 114, 115, 116, 117, 118, 119, 120, 121, 122, 123, 124, 125, 126, 128, 129, 131], "summary": {"covered_lines": 78, "num_statements": 79, "percent_covered": 98.34710743801652, "percent_covered_display": "98", "missing_lines": 1, "excluded_lines": 0, "percent_statements_covered": 98.73417721518987, "percent_statements_covered_display": "99", "num_branches": 42, "num_partial_branches": 1, "covered_branches": 41, "missing_branches": 1, "percent_branches_covered": 97.61904761904762, "percent_branches_covered_display": "98"}, "missing_lines": [127], "excluded_lines": [], "executed_branches": [[26, 27], [26, 44], [28, 29], [28, 44], [29, 37], [29, 38], [38, 39], [38, 40], [40, 28], [40, 41], [41, 42], [41, 43], [44, -18], [44, 45], [45, 46], [45, 47], [48, -18], [48, 49], [53, 54], [53, 55], [55, 58], [55, 59], [59, 60], [59, 61], [62, 63], [62, 64], [64, 65], [64, 66], [110, 111], [110, 116], [112, 113], [112, 114], [114, 110], [114, 115], [118, 119], [118, 120], [122, 123], [122, 124], [124, 125], [124, 126], [126, 128]], "missing_branches": [[126, 127]], "functions": {"normalize": {"executed_lines": [14], "summary": {"covered_lines": 1, "num_statements": 1, "percent_covered": 100.0, "percent_covered_display": "100", "missing_lines": 0, "excluded_lines": 0, "percent_statements_covered": 100.0, "percent_statements_covered_display": "100", "num_branches": 0, "num_partial_branches": 0, "covered_branches": 0, "missing_branches": 0, "percent_branches_covered": 100.0, "percent_branches_covered_display": "100"}, "missing_lines": [], "excluded_lines": [], "start_line": 13, "executed_branches": [], "missing_branches": []}, "Replies.__init__": {"executed_lines": [21, 22, 23, 24, 25, 26, 27, 28, 29, 37, 38, 39, 40, 41, 42, 43, 44, 45, 46, 47, 48, 49], "summary": {"covered_lines": 22, "num_statements": 22, "percent_covered": 100.0, "percent_covered_display": "100", "missing_lines": 0, "excluded_lines": 0, "percent_statements_covered": 100.0, "percent_statements_covered_display": "100", "num_branches": 18, "num_partial_branches": 0, "covered_branches": 18, "missing_branches": 0, "percent_branches_covered": 100.0, "percent_branches_covered_display": "100"}, "missing_lines": [], "excluded_lines": [], "start_line": 18, "executed_branches": [[26, 27], [26, 44], [28, 29], [28, 44], [29, 37], [29, 38], [38, 39], [38, 40], [40, 28], [40, 41], [41, 42], [41, 43], [44, -18], [44, 45], [45, 46], [45, 47], [48, -18], [48, 49]], "missing_branches": []}, "Replies.generate": {"executed_lines": [52, 53, 54, 55, 58, 59, 60, 61, 62, 63, 64, 65, 66], "summary": {"covered_lines": 13, "num_statements": 13, "percent_covered": 100.0, "percent_covered_display": "100", "missing_lines": 0, "excluded_lines": 0, "percent_statements_covered": 100.0, "percent_statements_covered_display": "100", "num_branches": 10, "num_partial_branches": 0, "covered_branches": 10, "missing_branches": 0, "percent_branches_covered": 100.0, "percent_branches_covered_display": "100"}, "missing_lines": [], "excluded_lines": [], "start_line": 51, "executed_branches": [[53, 54], [53, 55], [55, 58], [55, 59], [59, 60], [59, 61], [62, 63], [62, 64], [64, 65], [64, 66]], "missing_branches": []}, "Replies._model": {"executed_lines": [69, 70, 71, 92, 93, 99, 102, 108, 109, 110, 111, 112, 113, 114, 115, 116, 117, 118, 119, 120, 121, 122, 123, 124, 125, 126, 128, 129, 131], "summary": {"covered_lines": 29, "num_statements": 30, "percent_covered": 95.45454545454545, "percent_covered_display": "95", "missing_lines": 1, "excluded_lines": 0, "percent_statements_covered": 96.66666666666667, "percent_statements_covered_display": "97", "num_branches": 14, "num_partial_branches": 1, "covered_branches": 13, "missing_branches": 1, "percent_branches_covered": 92.85714285714286, "percent_branches_covered_display": "93"}, "missing_lines": [127], "excluded_lines": [], "start_line": 68, "executed_branches": [[110, 111], [110, 116], [112, 113], [112, 114], [114, 110], [114, 115], [118, 119], [118, 120], [122, 123], [122, 124], [124, 125], [124, 126], [126, 128]], "missing_branches": [[126, 127]]}, "": {"executed_lines": [1, 2, 3, 4, 5, 7, 9, 10, 13, 17, 18, 51, 68], "summary": {"covered_lines": 13, "num_statements": 13, "percent_covered": 100.0, "percent_covered_display": "100", "missing_lines": 0, "excluded_lines": 0, "percent_statements_covered": 100.0, "percent_statements_covered_display": "100", "num_branches": 0, "num_partial_branches": 0, "covered_branches": 0, "missing_branches": 0, "percent_branches_covered": 100.0, "percent_branches_covered_display": "100"}, "missing_lines": [], "excluded_lines": [], "start_line": 1, "executed_branches": [], "missing_branches": []}}, "classes": {"Replies": {"executed_lines": [21, 22, 23, 24, 25, 26, 27, 28, 29, 37, 38, 39, 40, 41, 42, 43, 44, 45, 46, 47, 48, 49, 52, 53, 54, 55, 58, 59, 60, 61, 62, 63, 64, 65, 66, 69, 70, 71, 92, 93, 99, 102, 108, 109, 110, 111, 112, 113, 114, 115, 116, 117, 118, 119, 120, 121, 122, 123, 124, 125, 126, 128, 129, 131], "summary": {"covered_lines": 64, "num_statements": 65, "percent_covered": 98.13084112149532, "percent_covered_display": "98", "missing_lines": 1, "excluded_lines": 0, "percent_statements_covered": 98.46153846153847, "percent_statements_covered_display": "98", "num_branches": 42, "num_partial_branches": 1, "covered_branches": 41, "missing_branches": 1, "percent_branches_covered": 97.61904761904762, "percent_branches_covered_display": "98"}, "missing_lines": [127], "excluded_lines": [], "start_line": 17, "executed_branches": [[26, 27], [26, 44], [28, 29], [28, 44], [29, 37], [29, 38], [38, 39], [38, 40], [40, 28], [40, 41], [41, 42], [41, 43], [44, -18], [44, 45], [45, 46], [45, 47], [48, -18], [48, 49], [53, 54], [53, 55], [55, 58], [55, 59], [59, 60], [59, 61], [62, 63], [62, 64], [64, 65], [64, 66], [110, 111], [110, 116], [112, 113], [112, 114], [114, 110], [114, 115], [118, 119], [118, 120], [122, 123], [122, 124], [124, 125], [124, 126], [126, 128]], "missing_branches": [[126, 127]]}, "": {"executed_lines": [1, 2, 3, 4, 5, 7, 9, 10, 13, 14, 17, 18, 51, 68], "summary": {"covered_lines": 14, "num_statements": 14, "percent_covered": 100.0, "percent_covered_display": "100", "missing_lines": 0, "excluded_lines": 0, "percent_statements_covered": 100.0, "percent_statements_covered_display": "100", "num_branches": 0, "num_partial_branches": 0, "covered_branches": 0, "missing_branches": 0, "percent_branches_covered": 100.0, "percent_branches_covered_display": "100"}, "missing_lines": [], "excluded_lines": [], "start_line": 1, "executed_branches": [], "missing_branches": []}}}, "src/wechat_cs/storage.py": {"executed_lines": [1, 2, 3, 4, 5, 6, 8, 11, 12, 13, 14, 15, 16, 17, 18, 46, 47, 48, 49, 50, 51, 52, 53, 54, 56, 57, 58, 63, 64, 65, 67, 68, 69, 70, 71, 72, 76, 80, 84, 88, 101, 103, 106, 107, 108, 114, 115, 118, 119, 120, 121, 134, 135, 136, 137, 151, 152, 154, 155, 156, 157, 158, 159, 160, 165, 166, 167, 168, 169, 170, 171, 173, 174, 186, 190, 192, 193, 195, 196, 197, 198, 199, 201, 202, 203, 204, 207, 208, 209, 213, 218, 221, 222, 224, 225, 226, 227, 228, 229, 232, 234, 235, 236, 237, 238, 239, 242, 244, 245, 246, 247, 248, 249, 254, 255, 258, 260, 261, 265, 266, 267, 268, 269, 270, 275, 279, 280, 281, 282, 285, 286, 289, 292, 293, 297, 298, 300, 301, 302, 303, 313, 315, 316, 322, 324, 325, 333, 334, 337, 341, 342, 344, 345], "summary": {"covered_lines": 153, "num_statements": 154, "percent_covered": 98.48484848484848, "percent_covered_display": "98", "missing_lines": 1, "excluded_lines": 0, "percent_statements_covered": 99.35064935064935, "percent_statements_covered_display": "99", "num_branches": 44, "num_partial_branches": 2, "covered_branches": 42, "missing_branches": 2, "percent_branches_covered": 95.45454545454545, "percent_branches_covered_display": "95"}, "missing_lines": [205], "excluded_lines": [], "executed_branches": [[14, 15], [70, 71], [70, 72], [108, 114], [108, 115], [118, 119], [118, 121], [134, 135], [134, 136], [158, 159], [158, 160], [160, 165], [160, 166], [166, 167], [166, 168], [168, 169], [168, 170], [170, 171], [170, 173], [197, 198], [197, 199], [204, 207], [207, 208], [207, 209], [227, 228], [227, 229], [237, 238], [237, 239], [247, 248], [247, 249], [249, 254], [249, 255], [268, 269], [268, 270], [270, 275], [270, 280], [281, 282], [281, 286], [289, 292], [289, 293], [333, 334], [333, 341]], "missing_branches": [[14, 16], [204, 205]], "functions": {"Store.__init__": {"executed_lines": [13, 14, 15, 16, 17, 18], "summary": {"covered_lines": 6, "num_statements": 6, "percent_covered": 87.5, "percent_covered_display": "88", "missing_lines": 0, "excluded_lines": 0, "percent_statements_covered": 100.0, "percent_statements_covered_display": "100", "num_branches": 2, "num_partial_branches": 1, "covered_branches": 1, "missing_branches": 1, "percent_branches_covered": 50.0, "percent_branches_covered_display": "50"}, "missing_lines": [], "excluded_lines": [], "start_line": 12, "executed_branches": [[14, 15]], "missing_branches": [[14, 16]]}, "Store.transaction": {"executed_lines": [48, 49, 50, 51, 52, 53, 54], "summary": {"covered_lines": 7, "num_statements": 7, "percent_covered": 100.0, "percent_covered_display": "100", "missing_lines": 0, "excluded_lines": 0, "percent_statements_covered": 100.0, "percent_statements_covered_display": "100", "num_branches": 0, "num_partial_branches": 0, "covered_branches": 0, "missing_branches": 0, "percent_branches_covered": 100.0, "percent_branches_covered_display": "100"}, "missing_lines": [], "excluded_lines": [], "start_line": 47, "executed_branches": [], "missing_branches": []}, "Store.audit": {"executed_lines": [57, 58], "summary": {"covered_lines": 2, "num_statements": 2, "percent_covered": 100.0, "percent_covered_display": "100", "missing_lines": 0, "excluded_lines": 0, "percent_statements_covered": 100.0, "percent_statements_covered_display": "100", "num_branches": 0, "num_partial_branches": 0, "covered_branches": 0, "missing_branches": 0, "percent_branches_covered": 100.0, "percent_branches_covered_display": "100"}, "missing_lines": [], "excluded_lines": [], "start_line": 56, "executed_branches": [], "missing_branches": []}, "Store.state": {"executed_lines": [64, 65], "summary": {"covered_lines": 2, "num_statements": 2, "percent_covered": 100.0, "percent_covered_display": "100", "missing_lines": 0, "excluded_lines": 0, "percent_statements_covered": 100.0, "percent_statements_covered_display": "100", "num_branches": 0, "num_partial_branches": 0, "covered_branches": 0, "missing_branches": 0, "percent_branches_covered": 100.0, "percent_branches_covered_display": "100"}, "missing_lines": [], "excluded_lines": [], "start_line": 63, "executed_branches": [], "missing_branches": []}, "Store.start": {"executed_lines": [68, 69, 70, 71, 72, 76, 80, 84, 88, 101], "summary": {"covered_lines": 10, "num_statements": 10, "percent_covered": 100.0, "percent_covered_display": "100", "missing_lines": 0, "excluded_lines": 0, "percent_statements_covered": 100.0, "percent_statements_covered_display": "100", "num_branches": 2, "num_partial_branches": 0, "covered_branches": 2, "missing_branches": 0, "percent_branches_covered": 100.0, "percent_branches_covered_display": "100"}, "missing_lines": [], "excluded_lines": [], "start_line": 67, "executed_branches": [[70, 71], [70, 72]], "missing_branches": []}, "Store.accept": {"executed_lines": [106, 107, 108, 114, 115, 118, 119, 120, 121, 134, 135, 136, 137, 151, 152], "summary": {"covered_lines": 15, "num_statements": 15, "percent_covered": 100.0, "percent_covered_display": "100", "missing_lines": 0, "excluded_lines": 0, "percent_statements_covered": 100.0, "percent_statements_covered_display": "100", "num_branches": 6, "num_partial_branches": 0, "covered_branches": 6, "missing_branches": 0, "percent_branches_covered": 100.0, "percent_branches_covered_display": "100"}, "missing_lines": [], "excluded_lines": [], "start_line": 103, "executed_branches": [[108, 114], [108, 115], [118, 119], [118, 121], [134, 135], [134, 136]], "missing_branches": []}, "Store.finish_draft": {"executed_lines": [155, 156, 157, 158, 159, 160, 165, 166, 167, 168, 169, 170, 171, 173, 174, 186, 190], "summary": {"covered_lines": 17, "num_statements": 17, "percent_covered": 100.0, "percent_covered_display": "100", "missing_lines": 0, "excluded_lines": 0, "percent_statements_covered": 100.0, "percent_statements_covered_display": "100", "num_branches": 10, "num_partial_branches": 0, "covered_branches": 10, "missing_branches": 0, "percent_branches_covered": 100.0, "percent_branches_covered_display": "100"}, "missing_lines": [], "excluded_lines": [], "start_line": 154, "executed_branches": [[158, 159], [158, 160], [160, 165], [160, 166], [166, 167], [166, 168], [168, 169], [168, 170], [170, 171], [170, 173]], "missing_branches": []}, "Store.tasks": {"executed_lines": [193], "summary": {"covered_lines": 1, "num_statements": 1, "percent_covered": 100.0, "percent_covered_display": "100", "missing_lines": 0, "excluded_lines": 0, "percent_statements_covered": 100.0, "percent_statements_covered_display": "100", "num_branches": 0, "num_partial_branches": 0, "covered_branches": 0, "missing_branches": 0, "percent_branches_covered": 100.0, "percent_branches_covered_display": "100"}, "missing_lines": [], "excluded_lines": [], "start_line": 192, "executed_branches": [], "missing_branches": []}, "Store.task": {"executed_lines": [196, 197, 198, 199], "summary": {"covered_lines": 4, "num_statements": 4, "percent_covered": 100.0, "percent_covered_display": "100", "missing_lines": 0, "excluded_lines": 0, "percent_statements_covered": 100.0, "percent_statements_covered_display": "100", "num_branches": 2, "num_partial_branches": 0, "covered_branches": 2, "missing_branches": 0, "percent_branches_covered": 100.0, "percent_branches_covered_display": "100"}, "missing_lines": [], "excluded_lines": [], "start_line": 195, "executed_branches": [[197, 198], [197, 199]], "missing_branches": []}, "Store.pause": {"executed_lines": [202, 203, 204, 207, 208, 209, 213, 218, 221, 222], "summary": {"covered_lines": 10, "num_statements": 11, "percent_covered": 86.66666666666667, "percent_covered_display": "87", "missing_lines": 1, "excluded_lines": 0, "percent_statements_covered": 90.9090909090909, "percent_statements_covered_display": "91", "num_branches": 4, "num_partial_branches": 1, "covered_branches": 3, "missing_branches": 1, "percent_branches_covered": 75.0, "percent_branches_covered_display": "75"}, "missing_lines": [205], "excluded_lines": [], "start_line": 201, "executed_branches": [[204, 207], [207, 208], [207, 209]], "missing_branches": [[204, 205]]}, "Store.resume": {"executed_lines": [225, 226, 227, 228, 229, 232], "summary": {"covered_lines": 6, "num_statements": 6, "percent_covered": 100.0, "percent_covered_display": "100", "missing_lines": 0, "excluded_lines": 0, "percent_statements_covered": 100.0, "percent_statements_covered_display": "100", "num_branches": 2, "num_partial_branches": 0, "covered_branches": 2, "missing_branches": 0, "percent_branches_covered": 100.0, "percent_branches_covered_display": "100"}, "missing_lines": [], "excluded_lines": [], "start_line": 224, "executed_branches": [[227, 228], [227, 229]], "missing_branches": []}, "Store.rebind": {"executed_lines": [235, 236, 237, 238, 239, 242], "summary": {"covered_lines": 6, "num_statements": 6, "percent_covered": 100.0, "percent_covered_display": "100", "missing_lines": 0, "excluded_lines": 0, "percent_statements_covered": 100.0, "percent_statements_covered_display": "100", "num_branches": 2, "num_partial_branches": 0, "covered_branches": 2, "missing_branches": 0, "percent_branches_covered": 100.0, "percent_branches_covered_display": "100"}, "missing_lines": [], "excluded_lines": [], "start_line": 234, "executed_branches": [[237, 238], [237, 239]], "missing_branches": []}, "Store.approve": {"executed_lines": [245, 246, 247, 248, 249, 254, 255, 258], "summary": {"covered_lines": 8, "num_statements": 8, "percent_covered": 100.0, "percent_covered_display": "100", "missing_lines": 0, "excluded_lines": 0, "percent_statements_covered": 100.0, "percent_statements_covered_display": "100", "num_branches": 4, "num_partial_branches": 0, "covered_branches": 4, "missing_branches": 0, "percent_branches_covered": 100.0, "percent_branches_covered_display": "100"}, "missing_lines": [], "excluded_lines": [], "start_line": 244, "executed_branches": [[247, 248], [247, 249], [249, 254], [249, 255]], "missing_branches": []}, "Store.attempts": {"executed_lines": [261], "summary": {"covered_lines": 1, "num_statements": 1, "percent_covered": 100.0, "percent_covered_display": "100", "missing_lines": 0, "excluded_lines": 0, "percent_statements_covered": 100.0, "percent_statements_covered_display": "100", "num_branches": 0, "num_partial_branches": 0, "covered_branches": 0, "missing_branches": 0, "percent_branches_covered": 100.0, "percent_branches_covered_display": "100"}, "missing_lines": [], "excluded_lines": [], "start_line": 260, "executed_branches": [], "missing_branches": []}, "Store.claim": {"executed_lines": [266, 267, 268, 269, 270, 275, 279, 280, 281, 282, 285, 286, 289, 292, 293, 297, 298], "summary": {"covered_lines": 17, "num_statements": 17, "percent_covered": 100.0, "percent_covered_display": "100", "missing_lines": 0, "excluded_lines": 0, "percent_statements_covered": 100.0, "percent_statements_covered_display": "100", "num_branches": 8, "num_partial_branches": 0, "covered_branches": 8, "missing_branches": 0, "percent_branches_covered": 100.0, "percent_branches_covered_display": "100"}, "missing_lines": [], "excluded_lines": [], "start_line": 265, "executed_branches": [[268, 269], [268, 270], [270, 275], [270, 280], [281, 282], [281, 286], [289, 292], [289, 293]], "missing_branches": []}, "Store.result": {"executed_lines": [301, 302, 303, 313], "summary": {"covered_lines": 4, "num_statements": 4, "percent_covered": 100.0, "percent_covered_display": "100", "missing_lines": 0, "excluded_lines": 0, "percent_statements_covered": 100.0, "percent_statements_covered_display": "100", "num_branches": 0, "num_partial_branches": 0, "covered_branches": 0, "missing_branches": 0, "percent_branches_covered": 100.0, "percent_branches_covered_display": "100"}, "missing_lines": [], "excluded_lines": [], "start_line": 300, "executed_branches": [], "missing_branches": []}, "Store.expire": {"executed_lines": [316], "summary": {"covered_lines": 1, "num_statements": 1, "percent_covered": 100.0, "percent_covered_display": "100", "missing_lines": 0, "excluded_lines": 0, "percent_statements_covered": 100.0, "percent_statements_covered_display": "100", "num_branches": 0, "num_partial_branches": 0, "covered_branches": 0, "missing_branches": 0, "percent_branches_covered": 100.0, "percent_branches_covered_display": "100"}, "missing_lines": [], "excluded_lines": [], "start_line": 315, "executed_branches": [], "missing_branches": []}, "Store.cleanup": {"executed_lines": [324, 325, 333, 334, 337, 341, 342], "summary": {"covered_lines": 7, "num_statements": 7, "percent_covered": 100.0, "percent_covered_display": "100", "missing_lines": 0, "excluded_lines": 0, "percent_statements_covered": 100.0, "percent_statements_covered_display": "100", "num_branches": 2, "num_partial_branches": 0, "covered_branches": 2, "missing_branches": 0, "percent_branches_covered": 100.0, "percent_branches_covered_display": "100"}, "missing_lines": [], "excluded_lines": [], "start_line": 322, "executed_branches": [[333, 334], [333, 341]], "missing_branches": []}, "Store.close": {"executed_lines": [345], "summary": {"covered_lines": 1, "num_statements": 1, "percent_covered": 100.0, "percent_covered_display": "100", "missing_lines": 0, "excluded_lines": 0, "percent_statements_covered": 100.0, "percent_statements_covered_display": "100", "num_branches": 0, "num_partial_branches": 0, "covered_branches": 0, "missing_branches": 0, "percent_branches_covered": 100.0, "percent_branches_covered_display": "100"}, "missing_lines": [], "excluded_lines": [], "start_line": 344, "executed_branches": [], "missing_branches": []}, "": {"executed_lines": [1, 2, 3, 4, 5, 6, 8, 11, 12, 46, 47, 56, 63, 67, 103, 154, 192, 195, 201, 224, 234, 244, 260, 265, 300, 315, 322, 344], "summary": {"covered_lines": 28, "num_statements": 28, "percent_covered": 100.0, "percent_covered_display": "100", "missing_lines": 0, "excluded_lines": 0, "percent_statements_covered": 100.0, "percent_statements_covered_display": "100", "num_branches": 0, "num_partial_branches": 0, "covered_branches": 0, "missing_branches": 0, "percent_branches_covered": 100.0, "percent_branches_covered_display": "100"}, "missing_lines": [], "excluded_lines": [], "start_line": 1, "executed_branches": [], "missing_branches": []}}, "classes": {"Store": {"executed_lines": [13, 14, 15, 16, 17, 18, 48, 49, 50, 51, 52, 53, 54, 57, 58, 64, 65, 68, 69, 70, 71, 72, 76, 80, 84, 88, 101, 106, 107, 108, 114, 115, 118, 119, 120, 121, 134, 135, 136, 137, 151, 152, 155, 156, 157, 158, 159, 160, 165, 166, 167, 168, 169, 170, 171, 173, 174, 186, 190, 193, 196, 197, 198, 199, 202, 203, 204, 207, 208, 209, 213, 218, 221, 222, 225, 226, 227, 228, 229, 232, 235, 236, 237, 238, 239, 242, 245, 246, 247, 248, 249, 254, 255, 258, 261, 266, 267, 268, 269, 270, 275, 279, 280, 281, 282, 285, 286, 289, 292, 293, 297, 298, 301, 302, 303, 313, 316, 324, 325, 333, 334, 337, 341, 342, 345], "summary": {"covered_lines": 125, "num_statements": 126, "percent_covered": 98.23529411764706, "percent_covered_display": "98", "missing_lines": 1, "excluded_lines": 0, "percent_statements_covered": 99.2063492063492, "percent_statements_covered_display": "99", "num_branches": 44, "num_partial_branches": 2, "covered_branches": 42, "missing_branches": 2, "percent_branches_covered": 95.45454545454545, "percent_branches_covered_display": "95"}, "missing_lines": [205], "excluded_lines": [], "start_line": 11, "executed_branches": [[14, 15], [70, 71], [70, 72], [108, 114], [108, 115], [118, 119], [118, 121], [134, 135], [134, 136], [158, 159], [158, 160], [160, 165], [160, 166], [166, 167], [166, 168], [168, 169], [168, 170], [170, 171], [170, 173], [197, 198], [197, 199], [204, 207], [207, 208], [207, 209], [227, 228], [227, 229], [237, 238], [237, 239], [247, 248], [247, 249], [249, 254], [249, 255], [268, 269], [268, 270], [270, 275], [270, 280], [281, 282], [281, 286], [289, 292], [289, 293], [333, 334], [333, 341]], "missing_branches": [[14, 16], [204, 205]]}, "": {"executed_lines": [1, 2, 3, 4, 5, 6, 8, 11, 12, 46, 47, 56, 63, 67, 103, 154, 192, 195, 201, 224, 234, 244, 260, 265, 300, 315, 322, 344], "summary": {"covered_lines": 28, "num_statements": 28, "percent_covered": 100.0, "percent_covered_display": "100", "missing_lines": 0, "excluded_lines": 0, "percent_statements_covered": 100.0, "percent_statements_covered_display": "100", "num_branches": 0, "num_partial_branches": 0, "covered_branches": 0, "missing_branches": 0, "percent_branches_covered": 100.0, "percent_branches_covered_display": "100"}, "missing_lines": [], "excluded_lines": [], "start_line": 1, "executed_branches": [], "missing_branches": []}}}}, "totals": {"covered_lines": 409, "num_statements": 413, "percent_covered": 98.40142095914743, "percent_covered_display": "98", "missing_lines": 4, "excluded_lines": 0, "percent_statements_covered": 99.0314769975787, "percent_statements_covered_display": "99", "num_branches": 150, "num_partial_branches": 5, "covered_branches": 145, "missing_branches": 5, "percent_branches_covered": 96.66666666666667, "percent_branches_covered_display": "97"}}